[35m[Appium][39m Welcome to Appium v1.22.3
[35m[Appium][39m Non-default server args:
[35m[Appium][39m   port: 57745
[35m[Appium][39m   loglevel: info
[35m[Appium][39m   tmpDir: C:\Users\DELL\AppData\Local\Temp\\Katalon\Appium\Temp1671550643947
[35m[Appium][39m   chromedriverPort: 57746
[35m[Appium][39m Deprecated server args:
[35m[Appium][39m   [31m--chromedriver-port[39m => --default-capabilities
[35m[Appium][39m Default capabilities, which will be added to each request unless overridden by desired capabilities:
[35m[Appium][39m   chromedriverPort: 57746
[35m[Appium][39m Appium REST http interface listener started on 0.0.0.0:57745
[35m[HTTP][39m [37m-->[39m [37mGET[39m [37m/wd/hub/status[39m
[35m[HTTP][39m [90m{}[39m
[35m[HTTP][39m [37m<-- GET /wd/hub/status [39m[32m200[39m [90m12 ms - 68[39m
[35m[HTTP][39m [90m[39m
[35m[HTTP][39m [37m-->[39m [37mGET[39m [37m/wd/hub/status[39m
[35m[HTTP][39m [90m{}[39m
[35m[HTTP][39m [37m<-- GET /wd/hub/status [39m[32m200[39m [90m1 ms - 68[39m
[35m[HTTP][39m [90m[39m
[35m[HTTP][39m [37m-->[39m [37mPOST[39m [37m/wd/hub/session[39m
[35m[HTTP][39m [90m{"desiredCapabilities":{"app":"C:\\Users\\DELL\\Katalon Studio\\APK\\Solodroid_E-CommerceApp Demo_3.2.0.apk","noReset":true,"deviceName":"samsung SM-G770F (Android 11)","fullReset":false,"platform":"ANDROID","newCommandTimeout":1800,"platformVersion":"11","automationName":"uiautomator2","autoGrantPermissions":true,"platformName":"Android","udid":"RR8NA04R2QZ","systemPort":57753},"capabilities":{"firstMatch":[{"appium:app":"C:\\Users\\DELL\\Katalon Studio\\APK\\Solodroid_E-CommerceApp Demo_3.2.0.apk","appium:autoGrantPermissions":true,"appium:automationName":"uiautomator2","appium:deviceName":"samsung SM-G770F (Android 11)","appium:fullReset":false,"appium:newCommandTimeout":1800,"appium:noReset":true,"platform":"ANDROID","platformName":"android","appium:platformVersion":"11","appium:systemPort":57753,"appium:udid":"RR8NA04R2QZ"}]}}[39m
[35m[BaseDriver][39m The following capabilities are not standard capabilities and should have an extension prefix:
[35m[BaseDriver][39m   platform
[35m[BaseDriver][39m   chromedriverPort
[35m[Appium][39m Appium v1.22.3 creating new AndroidUiautomator2Driver (v1.70.1) session
[35m[BaseDriver][39m The following capabilities were provided, but are not recognized by Appium:
[35m[BaseDriver][39m   platform
[35m[BaseDriver][39m Session created with session id: 53738252-8eb7-42f6-895d-3d360dd39988
[35m[BaseDriver][39m Using local app 'C:\Users\DELL\Katalon Studio\APK\Solodroid_E-CommerceApp Demo_3.2.0.apk'
[35m[ADB][39m Found 1 'build-tools' folders under 'C:\Users\DELL\.katalon\tools\android_sdk' (newest first):
[35m[ADB][39m     C:/Users/DELL/.katalon/tools/android_sdk/build-tools/29.0.3
[35m[ADB][39m Using 'adb.exe' from 'C:\Users\DELL\.katalon\tools\android_sdk\platform-tools\adb.exe'
[35m[AndroidDriver][39m Retrieving device list
[35m[AndroidDriver][39m Using device: RR8NA04R2QZ
[35m[ADB][39m Using 'adb.exe' from 'C:\Users\DELL\.katalon\tools\android_sdk\platform-tools\adb.exe'
[35m[ADB][39m Getting device platform version
[35m[UiAutomator2][39m Relaxing hidden api policy
[35m[ADB][39m Package name: 'com.solodroid.solomerce'
[35m[ADB][39m Main activity name: 'com.solodroid.solomerce.activities.ActivitySplash'
[35m[ADB][39m Using 'apksigner.jar' from 'C:\Users\DELL\.katalon\tools\android_sdk\build-tools\29.0.3\lib\apksigner.jar'
[35m[ADB][39m 'C:\Users\DELL\AppData\Roaming\npm\node_modules\appium\node_modules\appium-uiautomator2-server\apks\appium-uiautomator2-server-v4.27.0.apk' is signed with the default certificate
[35m[ADB][39m 'C:\Users\DELL\AppData\Roaming\npm\node_modules\appium\node_modules\appium-uiautomator2-server\apks\appium-uiautomator2-server-debug-androidTest.apk' is signed with the default certificate
[35m[UiAutomator2][39m Server packages are not going to be (re)installed
[35m[ADB][39m Adding packages ["io.appium.settings","io.appium.uiautomator2.server","io.appium.uiautomator2.server.test"] to Doze whitelist
[35m[ADB][39m 'C:\Users\DELL\Katalon Studio\APK\Solodroid_E-CommerceApp Demo_3.2.0.apk' is signed with a non-default certificate
[35m[ADB][39m The application at 'C:\Users\DELL\Katalon Studio\APK\Solodroid_E-CommerceApp Demo_3.2.0.apk' will not be cached, because the device under test has confirmed the support of streamed installs
[35m[ADB][39m The installation of 'Solodroid_E-CommerceApp Demo_3.2.0.apk' took 2770ms
[35m[UiAutomator2][39m Starting UIAutomator2 server 4.27.0
[35m[UiAutomator2][39m Using UIAutomator2 server from 'C:\Users\DELL\AppData\Roaming\npm\node_modules\appium\node_modules\appium-uiautomator2-server\apks\appium-uiautomator2-server-v4.27.0.apk' and test from 'C:\Users\DELL\AppData\Roaming\npm\node_modules\appium\node_modules\appium-uiautomator2-server\apks\appium-uiautomator2-server-debug-androidTest.apk'
[35m[UiAutomator2][39m Waiting up to 30000ms for UiAutomator2 to be online...
[35m[WD Proxy][39m socket hang up
[35m[WD Proxy][39m socket hang up
[35m[WD Proxy][39m socket hang up
[35m[WD Proxy][39m Determined the downstream protocol as 'W3C'
[35m[AndroidDriver][39m Screen already unlocked, doing nothing
[35m[UiAutomator2][39m Starting 'com.solodroid.solomerce/com.solodroid.solomerce.activities.ActivitySplash and waiting for 'com.solodroid.solomerce/com.solodroid.solomerce.activities.ActivitySplash'
[35m[Appium][39m New AndroidUiautomator2Driver session created successfully, session 53738252-8eb7-42f6-895d-3d360dd39988 added to master session list
[35m[HTTP][39m [37m<-- POST /wd/hub/session [39m[32m200[39m [90m13880 ms - 1311[39m
[35m[HTTP][39m [90m[39m
[35m[HTTP][39m [37m-->[39m [37mGET[39m [37m/wd/hub/session/53738252-8eb7-42f6-895d-3d360dd39988[39m
[35m[HTTP][39m [90m{}[39m
[35m[HTTP][39m [37m<-- GET /wd/hub/session/53738252-8eb7-42f6-895d-3d360dd39988 [39m[32m200[39m [90m10 ms - 1265[39m
[35m[HTTP][39m [90m[39m
[35m[HTTP][39m [37m-->[39m [37mGET[39m [37m/wd/hub/session/53738252-8eb7-42f6-895d-3d360dd39988[39m
[35m[HTTP][39m [90m{}[39m
[35m[HTTP][39m [37m<-- GET /wd/hub/session/53738252-8eb7-42f6-895d-3d360dd39988 [39m[32m200[39m [90m11 ms - 1265[39m
[35m[HTTP][39m [90m[39m
[35m[HTTP][39m [37m-->[39m [37mGET[39m [37m/wd/hub/status[39m
[35m[HTTP][39m [90m{}[39m
[35m[HTTP][39m [37m<-- GET /wd/hub/status [39m[32m200[39m [90m1 ms - 68[39m
[35m[HTTP][39m [90m[39m
[35m[HTTP][39m [37m-->[39m [37mPOST[39m [37m/wd/hub/session/53738252-8eb7-42f6-895d-3d360dd39988/timeouts[39m
[35m[HTTP][39m [90m{"implicit":60000}[39m
[35m[HTTP][39m [37m<-- POST /wd/hub/session/53738252-8eb7-42f6-895d-3d360dd39988/timeouts [39m[32m200[39m [90m2 ms - 14[39m
[35m[HTTP][39m [90m[39m
[35m[HTTP][39m [37m-->[39m [37mGET[39m [37m/wd/hub/session/53738252-8eb7-42f6-895d-3d360dd39988/source[39m
[35m[HTTP][39m [90m{}[39m
[35m[W3C (53738252)][39m Driver proxy active, passing request on via HTTP proxy
[35m[WD Proxy][39m Replacing sessionId 1bac5d54-8aa4-4ed3-823b-d056c33956a7 with 53738252-8eb7-42f6-895d-3d360dd39988
[35m[HTTP][39m [37m<-- GET /wd/hub/session/53738252-8eb7-42f6-895d-3d360dd39988/source [39m[32m200[39m [90m215 ms - 4083[39m
[35m[HTTP][39m [90m[39m
[35m[HTTP][39m [37m-->[39m [37mGET[39m [37m/wd/hub/session/53738252-8eb7-42f6-895d-3d360dd39988/screenshot[39m
[35m[HTTP][39m [90m{}[39m
[35m[HTTP][39m [37m<-- GET /wd/hub/session/53738252-8eb7-42f6-895d-3d360dd39988/screenshot [39m[32m200[39m [90m408 ms - 366144[39m
[35m[HTTP][39m [90m[39m
[35m[HTTP][39m [37m-->[39m [37mGET[39m [37m/wd/hub/session/53738252-8eb7-42f6-895d-3d360dd39988/source[39m
[35m[HTTP][39m [90m{}[39m
[35m[W3C (53738252)][39m Driver proxy active, passing request on via HTTP proxy
[35m[WD Proxy][39m Replacing sessionId 1bac5d54-8aa4-4ed3-823b-d056c33956a7 with 53738252-8eb7-42f6-895d-3d360dd39988
[35m[HTTP][39m [37m<-- GET /wd/hub/session/53738252-8eb7-42f6-895d-3d360dd39988/source [39m[32m200[39m [90m258 ms - 34523[39m
[35m[HTTP][39m [90m[39m
[35m[HTTP][39m [37m-->[39m [37mGET[39m [37m/wd/hub/session/53738252-8eb7-42f6-895d-3d360dd39988/screenshot[39m
[35m[HTTP][39m [90m{}[39m
[35m[HTTP][39m [37m<-- GET /wd/hub/session/53738252-8eb7-42f6-895d-3d360dd39988/screenshot [39m[32m200[39m [90m1006 ms - 1849594[39m
[35m[HTTP][39m [90m[39m
[35m[HTTP][39m [37m-->[39m [37mPOST[39m [37m/wd/hub/session/53738252-8eb7-42f6-895d-3d360dd39988/elements[39m
[35m[HTTP][39m [90m{"using":"xpath","value":"//*[@class = 'android.widget.TextView' and (@text = 'Category' or . = 'Category') and @resource-id = 'com.solodroid.solomerce:id/smallLabel']"}[39m
[35m[HTTP][39m [37m<-- POST /wd/hub/session/53738252-8eb7-42f6-895d-3d360dd39988/elements [39m[32m200[39m [90m392 ms - 139[39m
[35m[HTTP][39m [90m[39m
[35m[HTTP][39m [37m-->[39m [37mGET[39m [37m/wd/hub/session/53738252-8eb7-42f6-895d-3d360dd39988/window/rect[39m
[35m[HTTP][39m [90m{}[39m
[35m[HTTP][39m [37m<-- GET /wd/hub/session/53738252-8eb7-42f6-895d-3d360dd39988/window/rect [39m[32m200[39m [90m25 ms - 50[39m
[35m[HTTP][39m [90m[39m
[35m[HTTP][39m [37m-->[39m [37mPOST[39m [37m/wd/hub/session/53738252-8eb7-42f6-895d-3d360dd39988/elements[39m
[35m[HTTP][39m [90m{"using":"xpath","value":"//*[@class = 'android.widget.TextView' and (@text = 'Category' or . = 'Category') and @resource-id = 'com.solodroid.solomerce:id/smallLabel']"}[39m
[35m[HTTP][39m [37m<-- POST /wd/hub/session/53738252-8eb7-42f6-895d-3d360dd39988/elements [39m[32m200[39m [90m266 ms - 139[39m
[35m[HTTP][39m [90m[39m
[35m[HTTP][39m [37m-->[39m [37mGET[39m [37m/wd/hub/session/53738252-8eb7-42f6-895d-3d360dd39988/element/00000000-0000-0954-ffff-ffff00000023/location[39m
[35m[HTTP][39m [90m{}[39m
[35m[W3C (53738252)][39m Driver proxy active, passing request on via HTTP proxy
[35m[WD Proxy][39m Replacing sessionId 1bac5d54-8aa4-4ed3-823b-d056c33956a7 with 53738252-8eb7-42f6-895d-3d360dd39988
[35m[HTTP][39m [37m<-- GET /wd/hub/session/53738252-8eb7-42f6-895d-3d360dd39988/element/00000000-0000-0954-ffff-ffff00000023/location [39m[32m200[39m [90m29 ms - 79[39m
[35m[HTTP][39m [90m[39m
[35m[HTTP][39m [37m-->[39m [37mPOST[39m [37m/wd/hub/session/53738252-8eb7-42f6-895d-3d360dd39988/elements[39m
[35m[HTTP][39m [90m{"using":"xpath","value":"//*[@class = 'android.widget.TextView' and (@text = 'Category' or . = 'Category') and @resource-id = 'com.solodroid.solomerce:id/smallLabel']"}[39m
[35m[HTTP][39m [37m<-- POST /wd/hub/session/53738252-8eb7-42f6-895d-3d360dd39988/elements [39m[32m200[39m [90m215 ms - 139[39m
[35m[HTTP][39m [90m[39m
[35m[HTTP][39m [37m-->[39m [37mGET[39m [37m/wd/hub/session/53738252-8eb7-42f6-895d-3d360dd39988/element/00000000-0000-0954-ffff-ffff00000023/location[39m
[35m[HTTP][39m [90m{}[39m
[35m[W3C (53738252)][39m Driver proxy active, passing request on via HTTP proxy
[35m[WD Proxy][39m Replacing sessionId 1bac5d54-8aa4-4ed3-823b-d056c33956a7 with 53738252-8eb7-42f6-895d-3d360dd39988
[35m[HTTP][39m [37m<-- GET /wd/hub/session/53738252-8eb7-42f6-895d-3d360dd39988/element/00000000-0000-0954-ffff-ffff00000023/location [39m[32m200[39m [90m19 ms - 79[39m
[35m[HTTP][39m [90m[39m
[35m[HTTP][39m [37m-->[39m [37mPOST[39m [37m/wd/hub/session/53738252-8eb7-42f6-895d-3d360dd39988/elements[39m
[35m[HTTP][39m [90m{"using":"xpath","value":"//*[@class = 'android.widget.TextView' and (@text = 'Category' or . = 'Category') and @resource-id = 'com.solodroid.solomerce:id/smallLabel']"}[39m
[35m[HTTP][39m [37m<-- POST /wd/hub/session/53738252-8eb7-42f6-895d-3d360dd39988/elements [39m[32m200[39m [90m185 ms - 139[39m
[35m[HTTP][39m [90m[39m
[35m[HTTP][39m [37m-->[39m [37mGET[39m [37m/wd/hub/session/53738252-8eb7-42f6-895d-3d360dd39988/element/00000000-0000-0954-ffff-ffff00000023/location[39m
[35m[HTTP][39m [90m{}[39m
[35m[W3C (53738252)][39m Driver proxy active, passing request on via HTTP proxy
[35m[WD Proxy][39m Replacing sessionId 1bac5d54-8aa4-4ed3-823b-d056c33956a7 with 53738252-8eb7-42f6-895d-3d360dd39988
[35m[HTTP][39m [37m<-- GET /wd/hub/session/53738252-8eb7-42f6-895d-3d360dd39988/element/00000000-0000-0954-ffff-ffff00000023/location [39m[32m200[39m [90m30 ms - 79[39m
[35m[HTTP][39m [90m[39m
[35m[HTTP][39m [37m-->[39m [37mPOST[39m [37m/wd/hub/session/53738252-8eb7-42f6-895d-3d360dd39988/elements[39m
[35m[HTTP][39m [90m{"using":"xpath","value":"//*[@class = 'android.widget.TextView' and (@text = 'Category' or . = 'Category') and @resource-id = 'com.solodroid.solomerce:id/smallLabel']"}[39m
[35m[HTTP][39m [37m<-- POST /wd/hub/session/53738252-8eb7-42f6-895d-3d360dd39988/elements [39m[32m200[39m [90m173 ms - 139[39m
[35m[HTTP][39m [90m[39m
[35m[HTTP][39m [37m-->[39m [37mGET[39m [37m/wd/hub/session/53738252-8eb7-42f6-895d-3d360dd39988/element/00000000-0000-0954-ffff-ffff00000023/location[39m
[35m[HTTP][39m [90m{}[39m
[35m[W3C (53738252)][39m Driver proxy active, passing request on via HTTP proxy
[35m[WD Proxy][39m Replacing sessionId 1bac5d54-8aa4-4ed3-823b-d056c33956a7 with 53738252-8eb7-42f6-895d-3d360dd39988
[35m[HTTP][39m [37m<-- GET /wd/hub/session/53738252-8eb7-42f6-895d-3d360dd39988/element/00000000-0000-0954-ffff-ffff00000023/location [39m[32m200[39m [90m30 ms - 79[39m
[35m[HTTP][39m [90m[39m
[35m[HTTP][39m [37m-->[39m [37mPOST[39m [37m/wd/hub/session/53738252-8eb7-42f6-895d-3d360dd39988/elements[39m
[35m[HTTP][39m [90m{"using":"xpath","value":"//*[@class = 'android.widget.TextView' and (@text = 'Category' or . = 'Category') and @resource-id = 'com.solodroid.solomerce:id/smallLabel']"}[39m
[35m[HTTP][39m [37m<-- POST /wd/hub/session/53738252-8eb7-42f6-895d-3d360dd39988/elements [39m[32m200[39m [90m209 ms - 139[39m
[35m[HTTP][39m [90m[39m
[35m[HTTP][39m [37m-->[39m [37mGET[39m [37m/wd/hub/session/53738252-8eb7-42f6-895d-3d360dd39988/element/00000000-0000-0954-ffff-ffff00000023/location[39m
[35m[HTTP][39m [90m{}[39m
[35m[W3C (53738252)][39m Driver proxy active, passing request on via HTTP proxy
[35m[WD Proxy][39m Replacing sessionId 1bac5d54-8aa4-4ed3-823b-d056c33956a7 with 53738252-8eb7-42f6-895d-3d360dd39988
[35m[HTTP][39m [37m<-- GET /wd/hub/session/53738252-8eb7-42f6-895d-3d360dd39988/element/00000000-0000-0954-ffff-ffff00000023/location [39m[32m200[39m [90m21 ms - 79[39m
[35m[HTTP][39m [90m[39m
[35m[HTTP][39m [37m-->[39m [37mPOST[39m [37m/wd/hub/session/53738252-8eb7-42f6-895d-3d360dd39988/elements[39m
[35m[HTTP][39m [90m{"using":"xpath","value":"//*[@class = 'android.widget.TextView' and (@text = 'Category' or . = 'Category') and @resource-id = 'com.solodroid.solomerce:id/smallLabel']"}[39m
[35m[HTTP][39m [37m<-- POST /wd/hub/session/53738252-8eb7-42f6-895d-3d360dd39988/elements [39m[32m200[39m [90m211 ms - 139[39m
[35m[HTTP][39m [90m[39m
[35m[HTTP][39m [37m-->[39m [37mGET[39m [37m/wd/hub/session/53738252-8eb7-42f6-895d-3d360dd39988/element/00000000-0000-0954-ffff-ffff00000023/location[39m
[35m[HTTP][39m [90m{}[39m
[35m[W3C (53738252)][39m Driver proxy active, passing request on via HTTP proxy
[35m[WD Proxy][39m Replacing sessionId 1bac5d54-8aa4-4ed3-823b-d056c33956a7 with 53738252-8eb7-42f6-895d-3d360dd39988
[35m[HTTP][39m [37m<-- GET /wd/hub/session/53738252-8eb7-42f6-895d-3d360dd39988/element/00000000-0000-0954-ffff-ffff00000023/location [39m[32m200[39m [90m41 ms - 79[39m
[35m[HTTP][39m [90m[39m
[35m[HTTP][39m [37m-->[39m [37mPOST[39m [37m/wd/hub/session/53738252-8eb7-42f6-895d-3d360dd39988/elements[39m
[35m[HTTP][39m [90m{"using":"xpath","value":"//*[@class = 'android.widget.TextView' and (@text = 'Category' or . = 'Category') and @resource-id = 'com.solodroid.solomerce:id/smallLabel']"}[39m
[35m[HTTP][39m [37m<-- POST /wd/hub/session/53738252-8eb7-42f6-895d-3d360dd39988/elements [39m[32m200[39m [90m188 ms - 139[39m
[35m[HTTP][39m [90m[39m
[35m[HTTP][39m [37m-->[39m [37mGET[39m [37m/wd/hub/session/53738252-8eb7-42f6-895d-3d360dd39988/element/00000000-0000-0954-ffff-ffff00000023/location[39m
[35m[HTTP][39m [90m{}[39m
[35m[W3C (53738252)][39m Driver proxy active, passing request on via HTTP proxy
[35m[WD Proxy][39m Replacing sessionId 1bac5d54-8aa4-4ed3-823b-d056c33956a7 with 53738252-8eb7-42f6-895d-3d360dd39988
[35m[HTTP][39m [37m<-- GET /wd/hub/session/53738252-8eb7-42f6-895d-3d360dd39988/element/00000000-0000-0954-ffff-ffff00000023/location [39m[32m200[39m [90m37 ms - 79[39m
[35m[HTTP][39m [90m[39m
[35m[HTTP][39m [37m-->[39m [37mPOST[39m [37m/wd/hub/session/53738252-8eb7-42f6-895d-3d360dd39988/elements[39m
[35m[HTTP][39m [90m{"using":"xpath","value":"//*[@class = 'android.widget.TextView' and (@text = 'Category' or . = 'Category') and @resource-id = 'com.solodroid.solomerce:id/smallLabel']"}[39m
[35m[HTTP][39m [37m<-- POST /wd/hub/session/53738252-8eb7-42f6-895d-3d360dd39988/elements [39m[32m200[39m [90m174 ms - 139[39m
[35m[HTTP][39m [90m[39m
[35m[HTTP][39m [37m-->[39m [37mGET[39m [37m/wd/hub/session/53738252-8eb7-42f6-895d-3d360dd39988/element/00000000-0000-0954-ffff-ffff00000023/location[39m
[35m[HTTP][39m [90m{}[39m
[35m[W3C (53738252)][39m Driver proxy active, passing request on via HTTP proxy
[35m[WD Proxy][39m Replacing sessionId 1bac5d54-8aa4-4ed3-823b-d056c33956a7 with 53738252-8eb7-42f6-895d-3d360dd39988
[35m[HTTP][39m [37m<-- GET /wd/hub/session/53738252-8eb7-42f6-895d-3d360dd39988/element/00000000-0000-0954-ffff-ffff00000023/location [39m[32m200[39m [90m39 ms - 79[39m
[35m[HTTP][39m [90m[39m
[35m[HTTP][39m [37m-->[39m [37mPOST[39m [37m/wd/hub/session/53738252-8eb7-42f6-895d-3d360dd39988/elements[39m
[35m[HTTP][39m [90m{"using":"xpath","value":"//*[@class = 'android.widget.TextView' and (@text = 'Category' or . = 'Category') and @resource-id = 'com.solodroid.solomerce:id/smallLabel']"}[39m
[35m[HTTP][39m [37m<-- POST /wd/hub/session/53738252-8eb7-42f6-895d-3d360dd39988/elements [39m[32m200[39m [90m210 ms - 139[39m
[35m[HTTP][39m [90m[39m
[35m[HTTP][39m [37m-->[39m [37mGET[39m [37m/wd/hub/session/53738252-8eb7-42f6-895d-3d360dd39988/element/00000000-0000-0954-ffff-ffff00000023/location[39m
[35m[HTTP][39m [90m{}[39m
[35m[W3C (53738252)][39m Driver proxy active, passing request on via HTTP proxy
[35m[WD Proxy][39m Replacing sessionId 1bac5d54-8aa4-4ed3-823b-d056c33956a7 with 53738252-8eb7-42f6-895d-3d360dd39988
[35m[HTTP][39m [37m<-- GET /wd/hub/session/53738252-8eb7-42f6-895d-3d360dd39988/element/00000000-0000-0954-ffff-ffff00000023/location [39m[32m200[39m [90m16 ms - 79[39m
[35m[HTTP][39m [90m[39m
[35m[HTTP][39m [37m-->[39m [37mPOST[39m [37m/wd/hub/session/53738252-8eb7-42f6-895d-3d360dd39988/elements[39m
[35m[HTTP][39m [90m{"using":"xpath","value":"//*[@class = 'android.widget.TextView' and (@text = 'Category' or . = 'Category') and @resource-id = 'com.solodroid.solomerce:id/smallLabel']"}[39m
[35m[HTTP][39m [37m<-- POST /wd/hub/session/53738252-8eb7-42f6-895d-3d360dd39988/elements [39m[32m200[39m [90m176 ms - 139[39m
[35m[HTTP][39m [90m[39m
[35m[HTTP][39m [37m-->[39m [37mGET[39m [37m/wd/hub/session/53738252-8eb7-42f6-895d-3d360dd39988/element/00000000-0000-0954-ffff-ffff00000023/location[39m
[35m[HTTP][39m [90m{}[39m
[35m[W3C (53738252)][39m Driver proxy active, passing request on via HTTP proxy
[35m[WD Proxy][39m Replacing sessionId 1bac5d54-8aa4-4ed3-823b-d056c33956a7 with 53738252-8eb7-42f6-895d-3d360dd39988
[35m[HTTP][39m [37m<-- GET /wd/hub/session/53738252-8eb7-42f6-895d-3d360dd39988/element/00000000-0000-0954-ffff-ffff00000023/location [39m[32m200[39m [90m24 ms - 79[39m
[35m[HTTP][39m [90m[39m
[35m[HTTP][39m [37m-->[39m [37mPOST[39m [37m/wd/hub/session/53738252-8eb7-42f6-895d-3d360dd39988/elements[39m
[35m[HTTP][39m [90m{"using":"xpath","value":"//*[@class = 'android.widget.TextView' and (@text = 'Category' or . = 'Category') and @resource-id = 'com.solodroid.solomerce:id/smallLabel']"}[39m
[35m[HTTP][39m [37m<-- POST /wd/hub/session/53738252-8eb7-42f6-895d-3d360dd39988/elements [39m[32m200[39m [90m192 ms - 139[39m
[35m[HTTP][39m [90m[39m
[35m[HTTP][39m [37m-->[39m [37mGET[39m [37m/wd/hub/session/53738252-8eb7-42f6-895d-3d360dd39988/element/00000000-0000-0954-ffff-ffff00000023/location[39m
[35m[HTTP][39m [90m{}[39m
[35m[W3C (53738252)][39m Driver proxy active, passing request on via HTTP proxy
[35m[WD Proxy][39m Replacing sessionId 1bac5d54-8aa4-4ed3-823b-d056c33956a7 with 53738252-8eb7-42f6-895d-3d360dd39988
[35m[HTTP][39m [37m<-- GET /wd/hub/session/53738252-8eb7-42f6-895d-3d360dd39988/element/00000000-0000-0954-ffff-ffff00000023/location [39m[32m200[39m [90m28 ms - 79[39m
[35m[HTTP][39m [90m[39m
[35m[HTTP][39m [37m-->[39m [37mPOST[39m [37m/wd/hub/session/53738252-8eb7-42f6-895d-3d360dd39988/elements[39m
[35m[HTTP][39m [90m{"using":"xpath","value":"//*[@class = 'android.widget.TextView' and (@text = 'Category' or . = 'Category') and @resource-id = 'com.solodroid.solomerce:id/smallLabel']"}[39m
[35m[HTTP][39m [37m<-- POST /wd/hub/session/53738252-8eb7-42f6-895d-3d360dd39988/elements [39m[32m200[39m [90m185 ms - 139[39m
[35m[HTTP][39m [90m[39m
[35m[HTTP][39m [37m-->[39m [37mGET[39m [37m/wd/hub/session/53738252-8eb7-42f6-895d-3d360dd39988/element/00000000-0000-0954-ffff-ffff00000023/location[39m
[35m[HTTP][39m [90m{}[39m
[35m[W3C (53738252)][39m Driver proxy active, passing request on via HTTP proxy
[35m[WD Proxy][39m Replacing sessionId 1bac5d54-8aa4-4ed3-823b-d056c33956a7 with 53738252-8eb7-42f6-895d-3d360dd39988
[35m[HTTP][39m [37m<-- GET /wd/hub/session/53738252-8eb7-42f6-895d-3d360dd39988/element/00000000-0000-0954-ffff-ffff00000023/location [39m[32m200[39m [90m31 ms - 79[39m
[35m[HTTP][39m [90m[39m
[35m[HTTP][39m [37m-->[39m [37mPOST[39m [37m/wd/hub/session/53738252-8eb7-42f6-895d-3d360dd39988/elements[39m
[35m[HTTP][39m [90m{"using":"xpath","value":"//*[@class = 'android.widget.TextView' and (@text = 'Category' or . = 'Category') and @resource-id = 'com.solodroid.solomerce:id/smallLabel']"}[39m
[35m[HTTP][39m [37m<-- POST /wd/hub/session/53738252-8eb7-42f6-895d-3d360dd39988/elements [39m[32m200[39m [90m206 ms - 139[39m
[35m[HTTP][39m [90m[39m
[35m[HTTP][39m [37m-->[39m [37mGET[39m [37m/wd/hub/session/53738252-8eb7-42f6-895d-3d360dd39988/element/00000000-0000-0954-ffff-ffff00000023/location[39m
[35m[HTTP][39m [90m{}[39m
[35m[W3C (53738252)][39m Driver proxy active, passing request on via HTTP proxy
[35m[WD Proxy][39m Replacing sessionId 1bac5d54-8aa4-4ed3-823b-d056c33956a7 with 53738252-8eb7-42f6-895d-3d360dd39988
[35m[HTTP][39m [37m<-- GET /wd/hub/session/53738252-8eb7-42f6-895d-3d360dd39988/element/00000000-0000-0954-ffff-ffff00000023/location [39m[32m200[39m [90m26 ms - 79[39m
[35m[HTTP][39m [90m[39m
[35m[HTTP][39m [37m-->[39m [37mPOST[39m [37m/wd/hub/session/53738252-8eb7-42f6-895d-3d360dd39988/elements[39m
[35m[HTTP][39m [90m{"using":"xpath","value":"//*[@class = 'android.widget.TextView' and (@text = 'Category' or . = 'Category') and @resource-id = 'com.solodroid.solomerce:id/smallLabel']"}[39m
[35m[HTTP][39m [37m<-- POST /wd/hub/session/53738252-8eb7-42f6-895d-3d360dd39988/elements [39m[32m200[39m [90m187 ms - 139[39m
[35m[HTTP][39m [90m[39m
[35m[HTTP][39m [37m-->[39m [37mGET[39m [37m/wd/hub/session/53738252-8eb7-42f6-895d-3d360dd39988/element/00000000-0000-0954-ffff-ffff00000023/location[39m
[35m[HTTP][39m [90m{}[39m
[35m[W3C (53738252)][39m Driver proxy active, passing request on via HTTP proxy
[35m[WD Proxy][39m Replacing sessionId 1bac5d54-8aa4-4ed3-823b-d056c33956a7 with 53738252-8eb7-42f6-895d-3d360dd39988
[35m[HTTP][39m [37m<-- GET /wd/hub/session/53738252-8eb7-42f6-895d-3d360dd39988/element/00000000-0000-0954-ffff-ffff00000023/location [39m[32m200[39m [90m20 ms - 79[39m
[35m[HTTP][39m [90m[39m
[35m[HTTP][39m [37m-->[39m [37mPOST[39m [37m/wd/hub/session/53738252-8eb7-42f6-895d-3d360dd39988/elements[39m
[35m[HTTP][39m [90m{"using":"xpath","value":"//*[@class = 'android.widget.TextView' and (@text = 'Category' or . = 'Category') and @resource-id = 'com.solodroid.solomerce:id/smallLabel']"}[39m
[35m[HTTP][39m [37m<-- POST /wd/hub/session/53738252-8eb7-42f6-895d-3d360dd39988/elements [39m[32m200[39m [90m151 ms - 139[39m
[35m[HTTP][39m [90m[39m
[35m[HTTP][39m [37m-->[39m [37mGET[39m [37m/wd/hub/session/53738252-8eb7-42f6-895d-3d360dd39988/element/00000000-0000-0954-ffff-ffff00000023/location[39m
[35m[HTTP][39m [90m{}[39m
[35m[W3C (53738252)][39m Driver proxy active, passing request on via HTTP proxy
[35m[WD Proxy][39m Replacing sessionId 1bac5d54-8aa4-4ed3-823b-d056c33956a7 with 53738252-8eb7-42f6-895d-3d360dd39988
[35m[HTTP][39m [37m<-- GET /wd/hub/session/53738252-8eb7-42f6-895d-3d360dd39988/element/00000000-0000-0954-ffff-ffff00000023/location [39m[32m200[39m [90m34 ms - 79[39m
[35m[HTTP][39m [90m[39m
[35m[HTTP][39m [37m-->[39m [37mPOST[39m [37m/wd/hub/session/53738252-8eb7-42f6-895d-3d360dd39988/elements[39m
[35m[HTTP][39m [90m{"using":"xpath","value":"//*[@class = 'android.widget.TextView' and (@text = 'Category' or . = 'Category') and @resource-id = 'com.solodroid.solomerce:id/smallLabel']"}[39m
[35m[HTTP][39m [37m<-- POST /wd/hub/session/53738252-8eb7-42f6-895d-3d360dd39988/elements [39m[32m200[39m [90m160 ms - 139[39m
[35m[HTTP][39m [90m[39m
[35m[HTTP][39m [37m-->[39m [37mGET[39m [37m/wd/hub/session/53738252-8eb7-42f6-895d-3d360dd39988/element/00000000-0000-0954-ffff-ffff00000023/location[39m
[35m[HTTP][39m [90m{}[39m
[35m[W3C (53738252)][39m Driver proxy active, passing request on via HTTP proxy
[35m[WD Proxy][39m Replacing sessionId 1bac5d54-8aa4-4ed3-823b-d056c33956a7 with 53738252-8eb7-42f6-895d-3d360dd39988
[35m[HTTP][39m [37m<-- GET /wd/hub/session/53738252-8eb7-42f6-895d-3d360dd39988/element/00000000-0000-0954-ffff-ffff00000023/location [39m[32m200[39m [90m38 ms - 79[39m
[35m[HTTP][39m [90m[39m
[35m[HTTP][39m [37m-->[39m [37mPOST[39m [37m/wd/hub/session/53738252-8eb7-42f6-895d-3d360dd39988/elements[39m
[35m[HTTP][39m [90m{"using":"xpath","value":"//*[@class = 'android.widget.TextView' and (@text = 'Category' or . = 'Category') and @resource-id = 'com.solodroid.solomerce:id/smallLabel']"}[39m
[35m[HTTP][39m [37m<-- POST /wd/hub/session/53738252-8eb7-42f6-895d-3d360dd39988/elements [39m[32m200[39m [90m198 ms - 139[39m
[35m[HTTP][39m [90m[39m
[35m[HTTP][39m [37m-->[39m [37mGET[39m [37m/wd/hub/session/53738252-8eb7-42f6-895d-3d360dd39988/element/00000000-0000-0954-ffff-ffff00000023/location[39m
[35m[HTTP][39m [90m{}[39m
[35m[W3C (53738252)][39m Driver proxy active, passing request on via HTTP proxy
[35m[WD Proxy][39m Replacing sessionId 1bac5d54-8aa4-4ed3-823b-d056c33956a7 with 53738252-8eb7-42f6-895d-3d360dd39988
[35m[HTTP][39m [37m<-- GET /wd/hub/session/53738252-8eb7-42f6-895d-3d360dd39988/element/00000000-0000-0954-ffff-ffff00000023/location [39m[32m200[39m [90m39 ms - 79[39m
[35m[HTTP][39m [90m[39m
[35m[HTTP][39m [37m-->[39m [37mPOST[39m [37m/wd/hub/session/53738252-8eb7-42f6-895d-3d360dd39988/elements[39m
[35m[HTTP][39m [90m{"using":"xpath","value":"//*[@class = 'android.widget.TextView' and (@text = 'Category' or . = 'Category') and @resource-id = 'com.solodroid.solomerce:id/smallLabel']"}[39m
[35m[HTTP][39m [37m<-- POST /wd/hub/session/53738252-8eb7-42f6-895d-3d360dd39988/elements [39m[32m200[39m [90m188 ms - 139[39m
[35m[HTTP][39m [90m[39m
[35m[HTTP][39m [37m-->[39m [37mGET[39m [37m/wd/hub/session/53738252-8eb7-42f6-895d-3d360dd39988/element/00000000-0000-0954-ffff-ffff00000023/location[39m
[35m[HTTP][39m [90m{}[39m
[35m[W3C (53738252)][39m Driver proxy active, passing request on via HTTP proxy
[35m[WD Proxy][39m Replacing sessionId 1bac5d54-8aa4-4ed3-823b-d056c33956a7 with 53738252-8eb7-42f6-895d-3d360dd39988
[35m[HTTP][39m [37m<-- GET /wd/hub/session/53738252-8eb7-42f6-895d-3d360dd39988/element/00000000-0000-0954-ffff-ffff00000023/location [39m[32m200[39m [90m29 ms - 79[39m
[35m[HTTP][39m [90m[39m
[35m[HTTP][39m [37m-->[39m [37mPOST[39m [37m/wd/hub/session/53738252-8eb7-42f6-895d-3d360dd39988/elements[39m
[35m[HTTP][39m [90m{"using":"xpath","value":"//*[@class = 'android.widget.TextView' and (@text = 'Category' or . = 'Category') and @resource-id = 'com.solodroid.solomerce:id/smallLabel']"}[39m
[35m[HTTP][39m [37m<-- POST /wd/hub/session/53738252-8eb7-42f6-895d-3d360dd39988/elements [39m[32m200[39m [90m193 ms - 139[39m
[35m[HTTP][39m [90m[39m
[35m[HTTP][39m [37m-->[39m [37mGET[39m [37m/wd/hub/session/53738252-8eb7-42f6-895d-3d360dd39988/element/00000000-0000-0954-ffff-ffff00000023/location[39m
[35m[HTTP][39m [90m{}[39m
[35m[W3C (53738252)][39m Driver proxy active, passing request on via HTTP proxy
[35m[WD Proxy][39m Replacing sessionId 1bac5d54-8aa4-4ed3-823b-d056c33956a7 with 53738252-8eb7-42f6-895d-3d360dd39988
[35m[HTTP][39m [37m<-- GET /wd/hub/session/53738252-8eb7-42f6-895d-3d360dd39988/element/00000000-0000-0954-ffff-ffff00000023/location [39m[32m200[39m [90m26 ms - 79[39m
[35m[HTTP][39m [90m[39m
[35m[HTTP][39m [37m-->[39m [37mPOST[39m [37m/wd/hub/session/53738252-8eb7-42f6-895d-3d360dd39988/elements[39m
[35m[HTTP][39m [90m{"using":"xpath","value":"//*[@class = 'android.widget.TextView' and (@text = 'Category' or . = 'Category') and @resource-id = 'com.solodroid.solomerce:id/smallLabel']"}[39m
[35m[HTTP][39m [37m<-- POST /wd/hub/session/53738252-8eb7-42f6-895d-3d360dd39988/elements [39m[32m200[39m [90m197 ms - 139[39m
[35m[HTTP][39m [90m[39m
[35m[HTTP][39m [37m-->[39m [37mGET[39m [37m/wd/hub/session/53738252-8eb7-42f6-895d-3d360dd39988/element/00000000-0000-0954-ffff-ffff00000023/location[39m
[35m[HTTP][39m [90m{}[39m
[35m[W3C (53738252)][39m Driver proxy active, passing request on via HTTP proxy
[35m[WD Proxy][39m Replacing sessionId 1bac5d54-8aa4-4ed3-823b-d056c33956a7 with 53738252-8eb7-42f6-895d-3d360dd39988
[35m[HTTP][39m [37m<-- GET /wd/hub/session/53738252-8eb7-42f6-895d-3d360dd39988/element/00000000-0000-0954-ffff-ffff00000023/location [39m[32m200[39m [90m35 ms - 79[39m
[35m[HTTP][39m [90m[39m
[35m[HTTP][39m [37m-->[39m [37mPOST[39m [37m/wd/hub/session/53738252-8eb7-42f6-895d-3d360dd39988/elements[39m
[35m[HTTP][39m [90m{"using":"xpath","value":"//*[@class = 'android.widget.TextView' and (@text = 'Category' or . = 'Category') and @resource-id = 'com.solodroid.solomerce:id/smallLabel']"}[39m
[35m[HTTP][39m [37m<-- POST /wd/hub/session/53738252-8eb7-42f6-895d-3d360dd39988/elements [39m[32m200[39m [90m190 ms - 139[39m
[35m[HTTP][39m [90m[39m
[35m[HTTP][39m [37m-->[39m [37mGET[39m [37m/wd/hub/session/53738252-8eb7-42f6-895d-3d360dd39988/element/00000000-0000-0954-ffff-ffff00000023/location[39m
[35m[HTTP][39m [90m{}[39m
[35m[W3C (53738252)][39m Driver proxy active, passing request on via HTTP proxy
[35m[WD Proxy][39m Replacing sessionId 1bac5d54-8aa4-4ed3-823b-d056c33956a7 with 53738252-8eb7-42f6-895d-3d360dd39988
[35m[HTTP][39m [37m<-- GET /wd/hub/session/53738252-8eb7-42f6-895d-3d360dd39988/element/00000000-0000-0954-ffff-ffff00000023/location [39m[32m200[39m [90m29 ms - 79[39m
[35m[HTTP][39m [90m[39m
[35m[HTTP][39m [37m-->[39m [37mPOST[39m [37m/wd/hub/session/53738252-8eb7-42f6-895d-3d360dd39988/elements[39m
[35m[HTTP][39m [90m{"using":"xpath","value":"//*[@class = 'android.widget.TextView' and (@text = 'Category' or . = 'Category') and @resource-id = 'com.solodroid.solomerce:id/smallLabel']"}[39m
[35m[HTTP][39m [37m<-- POST /wd/hub/session/53738252-8eb7-42f6-895d-3d360dd39988/elements [39m[32m200[39m [90m160 ms - 139[39m
[35m[HTTP][39m [90m[39m
[35m[HTTP][39m [37m-->[39m [37mGET[39m [37m/wd/hub/session/53738252-8eb7-42f6-895d-3d360dd39988/element/00000000-0000-0954-ffff-ffff00000023/location[39m
[35m[HTTP][39m [90m{}[39m
[35m[W3C (53738252)][39m Driver proxy active, passing request on via HTTP proxy
[35m[WD Proxy][39m Replacing sessionId 1bac5d54-8aa4-4ed3-823b-d056c33956a7 with 53738252-8eb7-42f6-895d-3d360dd39988
[35m[HTTP][39m [37m<-- GET /wd/hub/session/53738252-8eb7-42f6-895d-3d360dd39988/element/00000000-0000-0954-ffff-ffff00000023/location [39m[32m200[39m [90m26 ms - 79[39m
[35m[HTTP][39m [90m[39m
[35m[HTTP][39m [37m-->[39m [37mPOST[39m [37m/wd/hub/session/53738252-8eb7-42f6-895d-3d360dd39988/elements[39m
[35m[HTTP][39m [90m{"using":"xpath","value":"//*[@class = 'android.widget.TextView' and (@text = 'Category' or . = 'Category') and @resource-id = 'com.solodroid.solomerce:id/smallLabel']"}[39m
[35m[HTTP][39m [37m<-- POST /wd/hub/session/53738252-8eb7-42f6-895d-3d360dd39988/elements [39m[32m200[39m [90m153 ms - 139[39m
[35m[HTTP][39m [90m[39m
[35m[HTTP][39m [37m-->[39m [37mGET[39m [37m/wd/hub/session/53738252-8eb7-42f6-895d-3d360dd39988/element/00000000-0000-0954-ffff-ffff00000023/location[39m
[35m[HTTP][39m [90m{}[39m
[35m[W3C (53738252)][39m Driver proxy active, passing request on via HTTP proxy
[35m[WD Proxy][39m Replacing sessionId 1bac5d54-8aa4-4ed3-823b-d056c33956a7 with 53738252-8eb7-42f6-895d-3d360dd39988
[35m[HTTP][39m [37m<-- GET /wd/hub/session/53738252-8eb7-42f6-895d-3d360dd39988/element/00000000-0000-0954-ffff-ffff00000023/location [39m[32m200[39m [90m20 ms - 79[39m
[35m[HTTP][39m [90m[39m
[35m[HTTP][39m [37m-->[39m [37mPOST[39m [37m/wd/hub/session/53738252-8eb7-42f6-895d-3d360dd39988/elements[39m
[35m[HTTP][39m [90m{"using":"xpath","value":"//*[@class = 'android.widget.TextView' and (@text = 'Category' or . = 'Category') and @resource-id = 'com.solodroid.solomerce:id/smallLabel']"}[39m
[35m[HTTP][39m [37m<-- POST /wd/hub/session/53738252-8eb7-42f6-895d-3d360dd39988/elements [39m[32m200[39m [90m170 ms - 139[39m
[35m[HTTP][39m [90m[39m
[35m[HTTP][39m [37m-->[39m [37mGET[39m [37m/wd/hub/session/53738252-8eb7-42f6-895d-3d360dd39988/element/00000000-0000-0954-ffff-ffff00000023/location[39m
[35m[HTTP][39m [90m{}[39m
[35m[W3C (53738252)][39m Driver proxy active, passing request on via HTTP proxy
[35m[WD Proxy][39m Replacing sessionId 1bac5d54-8aa4-4ed3-823b-d056c33956a7 with 53738252-8eb7-42f6-895d-3d360dd39988
[35m[HTTP][39m [37m<-- GET /wd/hub/session/53738252-8eb7-42f6-895d-3d360dd39988/element/00000000-0000-0954-ffff-ffff00000023/location [39m[32m200[39m [90m29 ms - 79[39m
[35m[HTTP][39m [90m[39m
[35m[HTTP][39m [37m-->[39m [37mPOST[39m [37m/wd/hub/session/53738252-8eb7-42f6-895d-3d360dd39988/elements[39m
[35m[HTTP][39m [90m{"using":"xpath","value":"//*[@class = 'android.widget.TextView' and (@text = 'Category' or . = 'Category') and @resource-id = 'com.solodroid.solomerce:id/smallLabel']"}[39m
[35m[HTTP][39m [37m<-- POST /wd/hub/session/53738252-8eb7-42f6-895d-3d360dd39988/elements [39m[32m200[39m [90m122 ms - 139[39m
[35m[HTTP][39m [90m[39m
[35m[HTTP][39m [37m-->[39m [37mGET[39m [37m/wd/hub/session/53738252-8eb7-42f6-895d-3d360dd39988/element/00000000-0000-0954-ffff-ffff00000023/location[39m
[35m[HTTP][39m [90m{}[39m
[35m[W3C (53738252)][39m Driver proxy active, passing request on via HTTP proxy
[35m[WD Proxy][39m Replacing sessionId 1bac5d54-8aa4-4ed3-823b-d056c33956a7 with 53738252-8eb7-42f6-895d-3d360dd39988
[35m[HTTP][39m [37m<-- GET /wd/hub/session/53738252-8eb7-42f6-895d-3d360dd39988/element/00000000-0000-0954-ffff-ffff00000023/location [39m[32m200[39m [90m25 ms - 79[39m
[35m[HTTP][39m [90m[39m
[35m[HTTP][39m [37m-->[39m [37mPOST[39m [37m/wd/hub/session/53738252-8eb7-42f6-895d-3d360dd39988/elements[39m
[35m[HTTP][39m [90m{"using":"xpath","value":"//*[@class = 'android.widget.TextView' and (@text = 'Category' or . = 'Category') and @resource-id = 'com.solodroid.solomerce:id/smallLabel']"}[39m
[35m[HTTP][39m [37m<-- POST /wd/hub/session/53738252-8eb7-42f6-895d-3d360dd39988/elements [39m[32m200[39m [90m202 ms - 139[39m
[35m[HTTP][39m [90m[39m
[35m[HTTP][39m [37m-->[39m [37mGET[39m [37m/wd/hub/session/53738252-8eb7-42f6-895d-3d360dd39988/element/00000000-0000-0954-ffff-ffff00000023/location[39m
[35m[HTTP][39m [90m{}[39m
[35m[W3C (53738252)][39m Driver proxy active, passing request on via HTTP proxy
[35m[WD Proxy][39m Replacing sessionId 1bac5d54-8aa4-4ed3-823b-d056c33956a7 with 53738252-8eb7-42f6-895d-3d360dd39988
[35m[HTTP][39m [37m<-- GET /wd/hub/session/53738252-8eb7-42f6-895d-3d360dd39988/element/00000000-0000-0954-ffff-ffff00000023/location [39m[32m200[39m [90m36 ms - 79[39m
[35m[HTTP][39m [90m[39m
[35m[HTTP][39m [37m-->[39m [37mPOST[39m [37m/wd/hub/session/53738252-8eb7-42f6-895d-3d360dd39988/elements[39m
[35m[HTTP][39m [90m{"using":"xpath","value":"//*[@class = 'android.widget.TextView' and (@text = 'Category' or . = 'Category') and @resource-id = 'com.solodroid.solomerce:id/smallLabel']"}[39m
[35m[HTTP][39m [37m<-- POST /wd/hub/session/53738252-8eb7-42f6-895d-3d360dd39988/elements [39m[32m200[39m [90m191 ms - 139[39m
[35m[HTTP][39m [90m[39m
[35m[HTTP][39m [37m-->[39m [37mGET[39m [37m/wd/hub/session/53738252-8eb7-42f6-895d-3d360dd39988/element/00000000-0000-0954-ffff-ffff00000023/location[39m
[35m[HTTP][39m [90m{}[39m
[35m[W3C (53738252)][39m Driver proxy active, passing request on via HTTP proxy
[35m[WD Proxy][39m Replacing sessionId 1bac5d54-8aa4-4ed3-823b-d056c33956a7 with 53738252-8eb7-42f6-895d-3d360dd39988
[35m[HTTP][39m [37m<-- GET /wd/hub/session/53738252-8eb7-42f6-895d-3d360dd39988/element/00000000-0000-0954-ffff-ffff00000023/location [39m[32m200[39m [90m24 ms - 79[39m
[35m[HTTP][39m [90m[39m
[35m[HTTP][39m [37m-->[39m [37mPOST[39m [37m/wd/hub/session/53738252-8eb7-42f6-895d-3d360dd39988/elements[39m
[35m[HTTP][39m [90m{"using":"xpath","value":"//*[@class = 'android.widget.TextView' and (@text = 'Category' or . = 'Category') and @resource-id = 'com.solodroid.solomerce:id/smallLabel']"}[39m
[35m[HTTP][39m [37m<-- POST /wd/hub/session/53738252-8eb7-42f6-895d-3d360dd39988/elements [39m[32m200[39m [90m174 ms - 139[39m
[35m[HTTP][39m [90m[39m
[35m[HTTP][39m [37m-->[39m [37mGET[39m [37m/wd/hub/session/53738252-8eb7-42f6-895d-3d360dd39988/element/00000000-0000-0954-ffff-ffff00000023/location[39m
[35m[HTTP][39m [90m{}[39m
[35m[W3C (53738252)][39m Driver proxy active, passing request on via HTTP proxy
[35m[WD Proxy][39m Replacing sessionId 1bac5d54-8aa4-4ed3-823b-d056c33956a7 with 53738252-8eb7-42f6-895d-3d360dd39988
[35m[HTTP][39m [37m<-- GET /wd/hub/session/53738252-8eb7-42f6-895d-3d360dd39988/element/00000000-0000-0954-ffff-ffff00000023/location [39m[32m200[39m [90m29 ms - 79[39m
[35m[HTTP][39m [90m[39m
[35m[HTTP][39m [37m-->[39m [37mPOST[39m [37m/wd/hub/session/53738252-8eb7-42f6-895d-3d360dd39988/elements[39m
[35m[HTTP][39m [90m{"using":"xpath","value":"//*[@class = 'android.widget.TextView' and (@text = 'Category' or . = 'Category') and @resource-id = 'com.solodroid.solomerce:id/smallLabel']"}[39m
[35m[HTTP][39m [37m<-- POST /wd/hub/session/53738252-8eb7-42f6-895d-3d360dd39988/elements [39m[32m200[39m [90m120 ms - 139[39m
[35m[HTTP][39m [90m[39m
[35m[HTTP][39m [37m-->[39m [37mGET[39m [37m/wd/hub/session/53738252-8eb7-42f6-895d-3d360dd39988/element/00000000-0000-0954-ffff-ffff00000023/location[39m
[35m[HTTP][39m [90m{}[39m
[35m[W3C (53738252)][39m Driver proxy active, passing request on via HTTP proxy
[35m[WD Proxy][39m Replacing sessionId 1bac5d54-8aa4-4ed3-823b-d056c33956a7 with 53738252-8eb7-42f6-895d-3d360dd39988
[35m[HTTP][39m [37m<-- GET /wd/hub/session/53738252-8eb7-42f6-895d-3d360dd39988/element/00000000-0000-0954-ffff-ffff00000023/location [39m[32m200[39m [90m16 ms - 79[39m
[35m[HTTP][39m [90m[39m
[35m[HTTP][39m [37m-->[39m [37mPOST[39m [37m/wd/hub/session/53738252-8eb7-42f6-895d-3d360dd39988/elements[39m
[35m[HTTP][39m [90m{"using":"xpath","value":"//*[@class = 'android.widget.TextView' and (@text = 'Category' or . = 'Category') and @resource-id = 'com.solodroid.solomerce:id/smallLabel']"}[39m
[35m[HTTP][39m [37m<-- POST /wd/hub/session/53738252-8eb7-42f6-895d-3d360dd39988/elements [39m[32m200[39m [90m68 ms - 139[39m
[35m[HTTP][39m [90m[39m
[35m[HTTP][39m [37m-->[39m [37mGET[39m [37m/wd/hub/session/53738252-8eb7-42f6-895d-3d360dd39988/element/00000000-0000-0954-ffff-ffff00000023/location[39m
[35m[HTTP][39m [90m{}[39m
[35m[W3C (53738252)][39m Driver proxy active, passing request on via HTTP proxy
[35m[WD Proxy][39m Replacing sessionId 1bac5d54-8aa4-4ed3-823b-d056c33956a7 with 53738252-8eb7-42f6-895d-3d360dd39988
[35m[HTTP][39m [37m<-- GET /wd/hub/session/53738252-8eb7-42f6-895d-3d360dd39988/element/00000000-0000-0954-ffff-ffff00000023/location [39m[32m200[39m [90m12 ms - 79[39m
[35m[HTTP][39m [90m[39m
[35m[HTTP][39m [37m-->[39m [37mPOST[39m [37m/wd/hub/session/53738252-8eb7-42f6-895d-3d360dd39988/elements[39m
[35m[HTTP][39m [90m{"using":"xpath","value":"//*[@class = 'android.widget.TextView' and (@text = 'Category' or . = 'Category') and @resource-id = 'com.solodroid.solomerce:id/smallLabel']"}[39m
[35m[HTTP][39m [37m<-- POST /wd/hub/session/53738252-8eb7-42f6-895d-3d360dd39988/elements [39m[32m200[39m [90m149 ms - 139[39m
[35m[HTTP][39m [90m[39m
[35m[HTTP][39m [37m-->[39m [37mGET[39m [37m/wd/hub/session/53738252-8eb7-42f6-895d-3d360dd39988/element/00000000-0000-0954-ffff-ffff00000023/location[39m
[35m[HTTP][39m [90m{}[39m
[35m[W3C (53738252)][39m Driver proxy active, passing request on via HTTP proxy
[35m[WD Proxy][39m Replacing sessionId 1bac5d54-8aa4-4ed3-823b-d056c33956a7 with 53738252-8eb7-42f6-895d-3d360dd39988
[35m[HTTP][39m [37m<-- GET /wd/hub/session/53738252-8eb7-42f6-895d-3d360dd39988/element/00000000-0000-0954-ffff-ffff00000023/location [39m[32m200[39m [90m32 ms - 79[39m
[35m[HTTP][39m [90m[39m
[35m[HTTP][39m [37m-->[39m [37mPOST[39m [37m/wd/hub/session/53738252-8eb7-42f6-895d-3d360dd39988/elements[39m
[35m[HTTP][39m [90m{"using":"xpath","value":"//*[@class = 'android.widget.TextView' and (@text = 'Category' or . = 'Category') and @resource-id = 'com.solodroid.solomerce:id/smallLabel']"}[39m
[35m[HTTP][39m [37m<-- POST /wd/hub/session/53738252-8eb7-42f6-895d-3d360dd39988/elements [39m[32m200[39m [90m139 ms - 139[39m
[35m[HTTP][39m [90m[39m
[35m[HTTP][39m [37m-->[39m [37mGET[39m [37m/wd/hub/session/53738252-8eb7-42f6-895d-3d360dd39988/element/00000000-0000-0954-ffff-ffff00000023/location[39m
[35m[HTTP][39m [90m{}[39m
[35m[W3C (53738252)][39m Driver proxy active, passing request on via HTTP proxy
[35m[WD Proxy][39m Replacing sessionId 1bac5d54-8aa4-4ed3-823b-d056c33956a7 with 53738252-8eb7-42f6-895d-3d360dd39988
[35m[HTTP][39m [37m<-- GET /wd/hub/session/53738252-8eb7-42f6-895d-3d360dd39988/element/00000000-0000-0954-ffff-ffff00000023/location [39m[32m200[39m [90m30 ms - 79[39m
[35m[HTTP][39m [90m[39m
[35m[HTTP][39m [37m-->[39m [37mPOST[39m [37m/wd/hub/session/53738252-8eb7-42f6-895d-3d360dd39988/elements[39m
[35m[HTTP][39m [90m{"using":"xpath","value":"//*[@class = 'android.widget.TextView' and (@text = 'Category' or . = 'Category') and @resource-id = 'com.solodroid.solomerce:id/smallLabel']"}[39m
[35m[HTTP][39m [37m<-- POST /wd/hub/session/53738252-8eb7-42f6-895d-3d360dd39988/elements [39m[32m200[39m [90m157 ms - 139[39m
[35m[HTTP][39m [90m[39m
[35m[HTTP][39m [37m-->[39m [37mGET[39m [37m/wd/hub/session/53738252-8eb7-42f6-895d-3d360dd39988/element/00000000-0000-0954-ffff-ffff00000023/location[39m
[35m[HTTP][39m [90m{}[39m
[35m[W3C (53738252)][39m Driver proxy active, passing request on via HTTP proxy
[35m[WD Proxy][39m Replacing sessionId 1bac5d54-8aa4-4ed3-823b-d056c33956a7 with 53738252-8eb7-42f6-895d-3d360dd39988
[35m[HTTP][39m [37m<-- GET /wd/hub/session/53738252-8eb7-42f6-895d-3d360dd39988/element/00000000-0000-0954-ffff-ffff00000023/location [39m[32m200[39m [90m20 ms - 79[39m
[35m[HTTP][39m [90m[39m
[35m[HTTP][39m [37m-->[39m [37mPOST[39m [37m/wd/hub/session/53738252-8eb7-42f6-895d-3d360dd39988/elements[39m
[35m[HTTP][39m [90m{"using":"xpath","value":"//*[@class = 'android.widget.TextView' and (@text = 'Category' or . = 'Category') and @resource-id = 'com.solodroid.solomerce:id/smallLabel']"}[39m
[35m[HTTP][39m [37m<-- POST /wd/hub/session/53738252-8eb7-42f6-895d-3d360dd39988/elements [39m[32m200[39m [90m128 ms - 139[39m
[35m[HTTP][39m [90m[39m
[35m[HTTP][39m [37m-->[39m [37mGET[39m [37m/wd/hub/session/53738252-8eb7-42f6-895d-3d360dd39988/element/00000000-0000-0954-ffff-ffff00000023/location[39m
[35m[HTTP][39m [90m{}[39m
[35m[W3C (53738252)][39m Driver proxy active, passing request on via HTTP proxy
[35m[WD Proxy][39m Replacing sessionId 1bac5d54-8aa4-4ed3-823b-d056c33956a7 with 53738252-8eb7-42f6-895d-3d360dd39988
[35m[HTTP][39m [37m<-- GET /wd/hub/session/53738252-8eb7-42f6-895d-3d360dd39988/element/00000000-0000-0954-ffff-ffff00000023/location [39m[32m200[39m [90m25 ms - 79[39m
[35m[HTTP][39m [90m[39m
[35m[HTTP][39m [37m-->[39m [37mPOST[39m [37m/wd/hub/session/53738252-8eb7-42f6-895d-3d360dd39988/elements[39m
[35m[HTTP][39m [90m{"using":"xpath","value":"//*[@class = 'android.widget.TextView' and (@text = 'Category' or . = 'Category') and @resource-id = 'com.solodroid.solomerce:id/smallLabel']"}[39m
[35m[HTTP][39m [37m<-- POST /wd/hub/session/53738252-8eb7-42f6-895d-3d360dd39988/elements [39m[32m200[39m [90m176 ms - 139[39m
[35m[HTTP][39m [90m[39m
[35m[HTTP][39m [37m-->[39m [37mGET[39m [37m/wd/hub/session/53738252-8eb7-42f6-895d-3d360dd39988/element/00000000-0000-0954-ffff-ffff00000023/location[39m
[35m[HTTP][39m [90m{}[39m
[35m[W3C (53738252)][39m Driver proxy active, passing request on via HTTP proxy
[35m[WD Proxy][39m Replacing sessionId 1bac5d54-8aa4-4ed3-823b-d056c33956a7 with 53738252-8eb7-42f6-895d-3d360dd39988
[35m[HTTP][39m [37m<-- GET /wd/hub/session/53738252-8eb7-42f6-895d-3d360dd39988/element/00000000-0000-0954-ffff-ffff00000023/location [39m[32m200[39m [90m22 ms - 79[39m
[35m[HTTP][39m [90m[39m
[35m[HTTP][39m [37m-->[39m [37mPOST[39m [37m/wd/hub/session/53738252-8eb7-42f6-895d-3d360dd39988/elements[39m
[35m[HTTP][39m [90m{"using":"xpath","value":"//*[@class = 'android.widget.TextView' and (@text = 'Category' or . = 'Category') and @resource-id = 'com.solodroid.solomerce:id/smallLabel']"}[39m
[35m[HTTP][39m [37m<-- POST /wd/hub/session/53738252-8eb7-42f6-895d-3d360dd39988/elements [39m[32m200[39m [90m150 ms - 139[39m
[35m[HTTP][39m [90m[39m
[35m[HTTP][39m [37m-->[39m [37mGET[39m [37m/wd/hub/session/53738252-8eb7-42f6-895d-3d360dd39988/element/00000000-0000-0954-ffff-ffff00000023/location[39m
[35m[HTTP][39m [90m{}[39m
[35m[W3C (53738252)][39m Driver proxy active, passing request on via HTTP proxy
[35m[WD Proxy][39m Replacing sessionId 1bac5d54-8aa4-4ed3-823b-d056c33956a7 with 53738252-8eb7-42f6-895d-3d360dd39988
[35m[HTTP][39m [37m<-- GET /wd/hub/session/53738252-8eb7-42f6-895d-3d360dd39988/element/00000000-0000-0954-ffff-ffff00000023/location [39m[32m200[39m [90m28 ms - 79[39m
[35m[HTTP][39m [90m[39m
[35m[HTTP][39m [37m-->[39m [37mPOST[39m [37m/wd/hub/session/53738252-8eb7-42f6-895d-3d360dd39988/elements[39m
[35m[HTTP][39m [90m{"using":"xpath","value":"//*[@class = 'android.widget.TextView' and (@text = 'Category' or . = 'Category') and @resource-id = 'com.solodroid.solomerce:id/smallLabel']"}[39m
[35m[HTTP][39m [37m<-- POST /wd/hub/session/53738252-8eb7-42f6-895d-3d360dd39988/elements [39m[32m200[39m [90m170 ms - 139[39m
[35m[HTTP][39m [90m[39m
[35m[HTTP][39m [37m-->[39m [37mGET[39m [37m/wd/hub/session/53738252-8eb7-42f6-895d-3d360dd39988/element/00000000-0000-0954-ffff-ffff00000023/location[39m
[35m[HTTP][39m [90m{}[39m
[35m[W3C (53738252)][39m Driver proxy active, passing request on via HTTP proxy
[35m[WD Proxy][39m Replacing sessionId 1bac5d54-8aa4-4ed3-823b-d056c33956a7 with 53738252-8eb7-42f6-895d-3d360dd39988
[35m[HTTP][39m [37m<-- GET /wd/hub/session/53738252-8eb7-42f6-895d-3d360dd39988/element/00000000-0000-0954-ffff-ffff00000023/location [39m[32m200[39m [90m42 ms - 79[39m
[35m[HTTP][39m [90m[39m
[35m[HTTP][39m [37m-->[39m [37mPOST[39m [37m/wd/hub/session/53738252-8eb7-42f6-895d-3d360dd39988/elements[39m
[35m[HTTP][39m [90m{"using":"xpath","value":"//*[@class = 'android.widget.TextView' and (@text = 'Category' or . = 'Category') and @resource-id = 'com.solodroid.solomerce:id/smallLabel']"}[39m
[35m[HTTP][39m [37m<-- POST /wd/hub/session/53738252-8eb7-42f6-895d-3d360dd39988/elements [39m[32m200[39m [90m156 ms - 139[39m
[35m[HTTP][39m [90m[39m
[35m[HTTP][39m [37m-->[39m [37mGET[39m [37m/wd/hub/session/53738252-8eb7-42f6-895d-3d360dd39988/element/00000000-0000-0954-ffff-ffff00000023/location[39m
[35m[HTTP][39m [90m{}[39m
[35m[W3C (53738252)][39m Driver proxy active, passing request on via HTTP proxy
[35m[WD Proxy][39m Replacing sessionId 1bac5d54-8aa4-4ed3-823b-d056c33956a7 with 53738252-8eb7-42f6-895d-3d360dd39988
[35m[HTTP][39m [37m<-- GET /wd/hub/session/53738252-8eb7-42f6-895d-3d360dd39988/element/00000000-0000-0954-ffff-ffff00000023/location [39m[32m200[39m [90m22 ms - 79[39m
[35m[HTTP][39m [90m[39m
[35m[HTTP][39m [37m-->[39m [37mPOST[39m [37m/wd/hub/session/53738252-8eb7-42f6-895d-3d360dd39988/elements[39m
[35m[HTTP][39m [90m{"using":"xpath","value":"//*[@class = 'android.widget.TextView' and (@text = 'Category' or . = 'Category') and @resource-id = 'com.solodroid.solomerce:id/smallLabel']"}[39m
[35m[HTTP][39m [37m<-- POST /wd/hub/session/53738252-8eb7-42f6-895d-3d360dd39988/elements [39m[32m200[39m [90m119 ms - 139[39m
[35m[HTTP][39m [90m[39m
[35m[HTTP][39m [37m-->[39m [37mGET[39m [37m/wd/hub/session/53738252-8eb7-42f6-895d-3d360dd39988/element/00000000-0000-0954-ffff-ffff00000023/location[39m
[35m[HTTP][39m [90m{}[39m
[35m[W3C (53738252)][39m Driver proxy active, passing request on via HTTP proxy
[35m[WD Proxy][39m Replacing sessionId 1bac5d54-8aa4-4ed3-823b-d056c33956a7 with 53738252-8eb7-42f6-895d-3d360dd39988
[35m[HTTP][39m [37m<-- GET /wd/hub/session/53738252-8eb7-42f6-895d-3d360dd39988/element/00000000-0000-0954-ffff-ffff00000023/location [39m[32m200[39m [90m25 ms - 79[39m
[35m[HTTP][39m [90m[39m
[35m[HTTP][39m [37m-->[39m [37mPOST[39m [37m/wd/hub/session/53738252-8eb7-42f6-895d-3d360dd39988/elements[39m
[35m[HTTP][39m [90m{"using":"xpath","value":"//*[@class = 'android.widget.TextView' and (@text = 'Category' or . = 'Category') and @resource-id = 'com.solodroid.solomerce:id/smallLabel']"}[39m
[35m[HTTP][39m [37m<-- POST /wd/hub/session/53738252-8eb7-42f6-895d-3d360dd39988/elements [39m[32m200[39m [90m151 ms - 139[39m
[35m[HTTP][39m [90m[39m
[35m[HTTP][39m [37m-->[39m [37mGET[39m [37m/wd/hub/session/53738252-8eb7-42f6-895d-3d360dd39988/element/00000000-0000-0954-ffff-ffff00000023/location[39m
[35m[HTTP][39m [90m{}[39m
[35m[W3C (53738252)][39m Driver proxy active, passing request on via HTTP proxy
[35m[WD Proxy][39m Replacing sessionId 1bac5d54-8aa4-4ed3-823b-d056c33956a7 with 53738252-8eb7-42f6-895d-3d360dd39988
[35m[HTTP][39m [37m<-- GET /wd/hub/session/53738252-8eb7-42f6-895d-3d360dd39988/element/00000000-0000-0954-ffff-ffff00000023/location [39m[32m200[39m [90m22 ms - 79[39m
[35m[HTTP][39m [90m[39m
[35m[HTTP][39m [37m-->[39m [37mPOST[39m [37m/wd/hub/session/53738252-8eb7-42f6-895d-3d360dd39988/elements[39m
[35m[HTTP][39m [90m{"using":"xpath","value":"//*[@class = 'android.widget.TextView' and (@text = 'Category' or . = 'Category') and @resource-id = 'com.solodroid.solomerce:id/smallLabel']"}[39m
[35m[HTTP][39m [37m<-- POST /wd/hub/session/53738252-8eb7-42f6-895d-3d360dd39988/elements [39m[32m200[39m [90m117 ms - 139[39m
[35m[HTTP][39m [90m[39m
[35m[HTTP][39m [37m-->[39m [37mGET[39m [37m/wd/hub/session/53738252-8eb7-42f6-895d-3d360dd39988/element/00000000-0000-0954-ffff-ffff00000023/location[39m
[35m[HTTP][39m [90m{}[39m
[35m[W3C (53738252)][39m Driver proxy active, passing request on via HTTP proxy
[35m[WD Proxy][39m Replacing sessionId 1bac5d54-8aa4-4ed3-823b-d056c33956a7 with 53738252-8eb7-42f6-895d-3d360dd39988
[35m[HTTP][39m [37m<-- GET /wd/hub/session/53738252-8eb7-42f6-895d-3d360dd39988/element/00000000-0000-0954-ffff-ffff00000023/location [39m[32m200[39m [90m14 ms - 79[39m
[35m[HTTP][39m [90m[39m
[35m[HTTP][39m [37m-->[39m [37mPOST[39m [37m/wd/hub/session/53738252-8eb7-42f6-895d-3d360dd39988/elements[39m
[35m[HTTP][39m [90m{"using":"xpath","value":"//*[@class = 'android.widget.TextView' and (@text = 'Category' or . = 'Category') and @resource-id = 'com.solodroid.solomerce:id/smallLabel']"}[39m
[35m[HTTP][39m [37m<-- POST /wd/hub/session/53738252-8eb7-42f6-895d-3d360dd39988/elements [39m[32m200[39m [90m102 ms - 139[39m
[35m[HTTP][39m [90m[39m
[35m[HTTP][39m [37m-->[39m [37mGET[39m [37m/wd/hub/session/53738252-8eb7-42f6-895d-3d360dd39988/element/00000000-0000-0954-ffff-ffff00000023/location[39m
[35m[HTTP][39m [90m{}[39m
[35m[W3C (53738252)][39m Driver proxy active, passing request on via HTTP proxy
[35m[WD Proxy][39m Replacing sessionId 1bac5d54-8aa4-4ed3-823b-d056c33956a7 with 53738252-8eb7-42f6-895d-3d360dd39988
[35m[HTTP][39m [37m<-- GET /wd/hub/session/53738252-8eb7-42f6-895d-3d360dd39988/element/00000000-0000-0954-ffff-ffff00000023/location [39m[32m200[39m [90m31 ms - 79[39m
[35m[HTTP][39m [90m[39m
[35m[HTTP][39m [37m-->[39m [37mPOST[39m [37m/wd/hub/session/53738252-8eb7-42f6-895d-3d360dd39988/elements[39m
[35m[HTTP][39m [90m{"using":"xpath","value":"//*[@class = 'android.widget.TextView' and (@text = 'Category' or . = 'Category') and @resource-id = 'com.solodroid.solomerce:id/smallLabel']"}[39m
[35m[HTTP][39m [37m<-- POST /wd/hub/session/53738252-8eb7-42f6-895d-3d360dd39988/elements [39m[32m200[39m [90m168 ms - 139[39m
[35m[HTTP][39m [90m[39m
[35m[HTTP][39m [37m-->[39m [37mGET[39m [37m/wd/hub/session/53738252-8eb7-42f6-895d-3d360dd39988/element/00000000-0000-0954-ffff-ffff00000023/location[39m
[35m[HTTP][39m [90m{}[39m
[35m[W3C (53738252)][39m Driver proxy active, passing request on via HTTP proxy
[35m[WD Proxy][39m Replacing sessionId 1bac5d54-8aa4-4ed3-823b-d056c33956a7 with 53738252-8eb7-42f6-895d-3d360dd39988
[35m[HTTP][39m [37m<-- GET /wd/hub/session/53738252-8eb7-42f6-895d-3d360dd39988/element/00000000-0000-0954-ffff-ffff00000023/location [39m[32m200[39m [90m37 ms - 79[39m
[35m[HTTP][39m [90m[39m
[35m[HTTP][39m [37m-->[39m [37mPOST[39m [37m/wd/hub/session/53738252-8eb7-42f6-895d-3d360dd39988/elements[39m
[35m[HTTP][39m [90m{"using":"xpath","value":"//*[@class = 'android.widget.TextView' and (@text = 'Category' or . = 'Category') and @resource-id = 'com.solodroid.solomerce:id/smallLabel']"}[39m
[35m[HTTP][39m [37m<-- POST /wd/hub/session/53738252-8eb7-42f6-895d-3d360dd39988/elements [39m[32m200[39m [90m149 ms - 139[39m
[35m[HTTP][39m [90m[39m
[35m[HTTP][39m [37m-->[39m [37mGET[39m [37m/wd/hub/session/53738252-8eb7-42f6-895d-3d360dd39988/element/00000000-0000-0954-ffff-ffff00000023/location[39m
[35m[HTTP][39m [90m{}[39m
[35m[W3C (53738252)][39m Driver proxy active, passing request on via HTTP proxy
[35m[WD Proxy][39m Replacing sessionId 1bac5d54-8aa4-4ed3-823b-d056c33956a7 with 53738252-8eb7-42f6-895d-3d360dd39988
[35m[HTTP][39m [37m<-- GET /wd/hub/session/53738252-8eb7-42f6-895d-3d360dd39988/element/00000000-0000-0954-ffff-ffff00000023/location [39m[32m200[39m [90m24 ms - 79[39m
[35m[HTTP][39m [90m[39m
[35m[HTTP][39m [37m-->[39m [37mPOST[39m [37m/wd/hub/session/53738252-8eb7-42f6-895d-3d360dd39988/elements[39m
[35m[HTTP][39m [90m{"using":"xpath","value":"//*[@class = 'android.widget.TextView' and (@text = 'Category' or . = 'Category') and @resource-id = 'com.solodroid.solomerce:id/smallLabel']"}[39m
[35m[HTTP][39m [37m<-- POST /wd/hub/session/53738252-8eb7-42f6-895d-3d360dd39988/elements [39m[32m200[39m [90m160 ms - 139[39m
[35m[HTTP][39m [90m[39m
[35m[HTTP][39m [37m-->[39m [37mGET[39m [37m/wd/hub/session/53738252-8eb7-42f6-895d-3d360dd39988/element/00000000-0000-0954-ffff-ffff00000023/location[39m
[35m[HTTP][39m [90m{}[39m
[35m[W3C (53738252)][39m Driver proxy active, passing request on via HTTP proxy
[35m[WD Proxy][39m Replacing sessionId 1bac5d54-8aa4-4ed3-823b-d056c33956a7 with 53738252-8eb7-42f6-895d-3d360dd39988
[35m[HTTP][39m [37m<-- GET /wd/hub/session/53738252-8eb7-42f6-895d-3d360dd39988/element/00000000-0000-0954-ffff-ffff00000023/location [39m[32m200[39m [90m22 ms - 79[39m
[35m[HTTP][39m [90m[39m
[35m[HTTP][39m [37m-->[39m [37mPOST[39m [37m/wd/hub/session/53738252-8eb7-42f6-895d-3d360dd39988/elements[39m
[35m[HTTP][39m [90m{"using":"xpath","value":"//*[@class = 'android.widget.TextView' and (@text = 'Category' or . = 'Category') and @resource-id = 'com.solodroid.solomerce:id/smallLabel']"}[39m
[35m[HTTP][39m [37m<-- POST /wd/hub/session/53738252-8eb7-42f6-895d-3d360dd39988/elements [39m[32m200[39m [90m141 ms - 139[39m
[35m[HTTP][39m [90m[39m
[35m[HTTP][39m [37m-->[39m [37mGET[39m [37m/wd/hub/session/53738252-8eb7-42f6-895d-3d360dd39988/element/00000000-0000-0954-ffff-ffff00000023/location[39m
[35m[HTTP][39m [90m{}[39m
[35m[W3C (53738252)][39m Driver proxy active, passing request on via HTTP proxy
[35m[WD Proxy][39m Replacing sessionId 1bac5d54-8aa4-4ed3-823b-d056c33956a7 with 53738252-8eb7-42f6-895d-3d360dd39988
[35m[HTTP][39m [37m<-- GET /wd/hub/session/53738252-8eb7-42f6-895d-3d360dd39988/element/00000000-0000-0954-ffff-ffff00000023/location [39m[32m200[39m [90m27 ms - 79[39m
[35m[HTTP][39m [90m[39m
[35m[HTTP][39m [37m-->[39m [37mPOST[39m [37m/wd/hub/session/53738252-8eb7-42f6-895d-3d360dd39988/elements[39m
[35m[HTTP][39m [90m{"using":"xpath","value":"//*[@class = 'android.widget.TextView' and (@text = 'Category' or . = 'Category') and @resource-id = 'com.solodroid.solomerce:id/smallLabel']"}[39m
[35m[HTTP][39m [37m<-- POST /wd/hub/session/53738252-8eb7-42f6-895d-3d360dd39988/elements [39m[32m200[39m [90m139 ms - 139[39m
[35m[HTTP][39m [90m[39m
[35m[HTTP][39m [37m-->[39m [37mGET[39m [37m/wd/hub/session/53738252-8eb7-42f6-895d-3d360dd39988/element/00000000-0000-0954-ffff-ffff00000023/location[39m
[35m[HTTP][39m [90m{}[39m
[35m[W3C (53738252)][39m Driver proxy active, passing request on via HTTP proxy
[35m[WD Proxy][39m Replacing sessionId 1bac5d54-8aa4-4ed3-823b-d056c33956a7 with 53738252-8eb7-42f6-895d-3d360dd39988
[35m[HTTP][39m [37m<-- GET /wd/hub/session/53738252-8eb7-42f6-895d-3d360dd39988/element/00000000-0000-0954-ffff-ffff00000023/location [39m[32m200[39m [90m27 ms - 79[39m
[35m[HTTP][39m [90m[39m
[35m[HTTP][39m [37m-->[39m [37mPOST[39m [37m/wd/hub/session/53738252-8eb7-42f6-895d-3d360dd39988/elements[39m
[35m[HTTP][39m [90m{"using":"xpath","value":"//*[@class = 'android.widget.TextView' and (@text = 'Category' or . = 'Category') and @resource-id = 'com.solodroid.solomerce:id/smallLabel']"}[39m
[35m[HTTP][39m [37m<-- POST /wd/hub/session/53738252-8eb7-42f6-895d-3d360dd39988/elements [39m[32m200[39m [90m181 ms - 139[39m
[35m[HTTP][39m [90m[39m
[35m[HTTP][39m [37m-->[39m [37mGET[39m [37m/wd/hub/session/53738252-8eb7-42f6-895d-3d360dd39988/element/00000000-0000-0954-ffff-ffff00000023/location[39m
[35m[HTTP][39m [90m{}[39m
[35m[W3C (53738252)][39m Driver proxy active, passing request on via HTTP proxy
[35m[WD Proxy][39m Replacing sessionId 1bac5d54-8aa4-4ed3-823b-d056c33956a7 with 53738252-8eb7-42f6-895d-3d360dd39988
[35m[HTTP][39m [37m<-- GET /wd/hub/session/53738252-8eb7-42f6-895d-3d360dd39988/element/00000000-0000-0954-ffff-ffff00000023/location [39m[32m200[39m [90m20 ms - 79[39m
[35m[HTTP][39m [90m[39m
[35m[HTTP][39m [37m-->[39m [37mPOST[39m [37m/wd/hub/session/53738252-8eb7-42f6-895d-3d360dd39988/element/00000000-0000-0954-ffff-ffff00000023/click[39m
[35m[HTTP][39m [90m{"id":"00000000-0000-0954-ffff-ffff00000023"}[39m
[35m[HTTP][39m [37m<-- POST /wd/hub/session/53738252-8eb7-42f6-895d-3d360dd39988/element/00000000-0000-0954-ffff-ffff00000023/click [39m[32m200[39m [90m83 ms - 14[39m
[35m[HTTP][39m [90m[39m
[35m[HTTP][39m [37m-->[39m [37mGET[39m [37m/wd/hub/session/53738252-8eb7-42f6-895d-3d360dd39988/source[39m
[35m[HTTP][39m [90m{}[39m
[35m[W3C (53738252)][39m Driver proxy active, passing request on via HTTP proxy
[35m[WD Proxy][39m Replacing sessionId 1bac5d54-8aa4-4ed3-823b-d056c33956a7 with 53738252-8eb7-42f6-895d-3d360dd39988
[35m[HTTP][39m [37m<-- GET /wd/hub/session/53738252-8eb7-42f6-895d-3d360dd39988/source [39m[32m200[39m [90m258 ms - 34116[39m
[35m[HTTP][39m [90m[39m
[35m[HTTP][39m [37m-->[39m [37mGET[39m [37m/wd/hub/session/53738252-8eb7-42f6-895d-3d360dd39988/screenshot[39m
[35m[HTTP][39m [90m{}[39m
[35m[HTTP][39m [37m<-- GET /wd/hub/session/53738252-8eb7-42f6-895d-3d360dd39988/screenshot [39m[32m200[39m [90m390 ms - 313384[39m
[35m[HTTP][39m [90m[39m
[35m[HTTP][39m [37m-->[39m [37mPOST[39m [37m/wd/hub/session/53738252-8eb7-42f6-895d-3d360dd39988/elements[39m
[35m[HTTP][39m [90m{"using":"xpath","value":"//*[@class = 'android.widget.RelativeLayout' and (@text = '' or . = '')]"}[39m
[35m[HTTP][39m [37m<-- POST /wd/hub/session/53738252-8eb7-42f6-895d-3d360dd39988/elements [39m[32m200[39m [90m79 ms - 1035[39m
[35m[HTTP][39m [90m[39m
[35m[HTTP][39m [37m-->[39m [37mPOST[39m [37m/wd/hub/session/53738252-8eb7-42f6-895d-3d360dd39988/elements[39m
[35m[HTTP][39m [90m{"using":"-android uiautomator","value":"new UiSelector().className(\"android.widget.RelativeLayout\")"}[39m
[35m[HTTP][39m [37m<-- POST /wd/hub/session/53738252-8eb7-42f6-895d-3d360dd39988/elements [39m[32m200[39m [90m172 ms - 1035[39m
[35m[HTTP][39m [90m[39m
[35m[HTTP][39m [37m-->[39m [37mGET[39m [37m/wd/hub/session/53738252-8eb7-42f6-895d-3d360dd39988/window/rect[39m
[35m[HTTP][39m [90m{}[39m
[35m[HTTP][39m [37m<-- GET /wd/hub/session/53738252-8eb7-42f6-895d-3d360dd39988/window/rect [39m[32m200[39m [90m25 ms - 50[39m
[35m[HTTP][39m [90m[39m
[35m[HTTP][39m [37m-->[39m [37mPOST[39m [37m/wd/hub/session/53738252-8eb7-42f6-895d-3d360dd39988/elements[39m
[35m[HTTP][39m [90m{"using":"xpath","value":"//hierarchy/android.widget.FrameLayout[1]/android.widget.LinearLayout[1]/android.widget.FrameLayout[1]/android.widget.LinearLayout[1]/android.widget.FrameLayout[1]/android.widget.RelativeLayout[1]/android.view.ViewGroup[1]/androidx.viewpager.widget.ViewPager[1]/android.widget.LinearLayout[1]/android.view.ViewGroup[1]/androidx.recyclerview.widget.RecyclerView[1]/android.widget.FrameLayout[1]/android.widget.RelativeLayout[1]"}[39m
[35m[HTTP][39m [37m<-- POST /wd/hub/session/53738252-8eb7-42f6-895d-3d360dd39988/elements [39m[32m200[39m [90m110 ms - 139[39m
[35m[HTTP][39m [90m[39m
[35m[HTTP][39m [37m-->[39m [37mGET[39m [37m/wd/hub/session/53738252-8eb7-42f6-895d-3d360dd39988/element/00000000-0000-0954-ffff-ffff00000072/location[39m
[35m[HTTP][39m [90m{}[39m
[35m[W3C (53738252)][39m Driver proxy active, passing request on via HTTP proxy
[35m[WD Proxy][39m Replacing sessionId 1bac5d54-8aa4-4ed3-823b-d056c33956a7 with 53738252-8eb7-42f6-895d-3d360dd39988
[35m[HTTP][39m [37m<-- GET /wd/hub/session/53738252-8eb7-42f6-895d-3d360dd39988/element/00000000-0000-0954-ffff-ffff00000072/location [39m[32m200[39m [90m43 ms - 77[39m
[35m[HTTP][39m [90m[39m
[35m[HTTP][39m [37m-->[39m [37mPOST[39m [37m/wd/hub/session/53738252-8eb7-42f6-895d-3d360dd39988/element/00000000-0000-0954-ffff-ffff00000072/click[39m
[35m[HTTP][39m [90m{"id":"00000000-0000-0954-ffff-ffff00000072"}[39m
[35m[HTTP][39m [37m<-- POST /wd/hub/session/53738252-8eb7-42f6-895d-3d360dd39988/element/00000000-0000-0954-ffff-ffff00000072/click [39m[32m200[39m [90m1295 ms - 14[39m
[35m[HTTP][39m [90m[39m
[35m[HTTP][39m [37m-->[39m [37mGET[39m [37m/wd/hub/session/53738252-8eb7-42f6-895d-3d360dd39988/source[39m
[35m[HTTP][39m [90m{}[39m
[35m[W3C (53738252)][39m Driver proxy active, passing request on via HTTP proxy
[35m[WD Proxy][39m Replacing sessionId 1bac5d54-8aa4-4ed3-823b-d056c33956a7 with 53738252-8eb7-42f6-895d-3d360dd39988
[35m[HTTP][39m [37m<-- GET /wd/hub/session/53738252-8eb7-42f6-895d-3d360dd39988/source [39m[32m200[39m [90m119 ms - 21407[39m
[35m[HTTP][39m [90m[39m
[35m[HTTP][39m [37m-->[39m [37mGET[39m [37m/wd/hub/session/53738252-8eb7-42f6-895d-3d360dd39988/screenshot[39m
[35m[HTTP][39m [90m{}[39m
[35m[HTTP][39m [37m<-- GET /wd/hub/session/53738252-8eb7-42f6-895d-3d360dd39988/screenshot [39m[32m200[39m [90m914 ms - 1578972[39m
[35m[HTTP][39m [90m[39m
[35m[HTTP][39m [37m-->[39m [37mPOST[39m [37m/wd/hub/session/53738252-8eb7-42f6-895d-3d360dd39988/elements[39m
[35m[HTTP][39m [90m{"using":"xpath","value":"//*[@class = 'android.widget.TextView' and (@text = 'U17 USB Portable M3 HUmidifier Air Purifier LED Night Light 200ML' or . = 'U17 USB Portable M3 HUmidifier Air Purifier LED Night Light 200ML') and @resource-id = 'com.solodroid.solomerce:id/product_name']"}[39m
[35m[HTTP][39m [37m<-- POST /wd/hub/session/53738252-8eb7-42f6-895d-3d360dd39988/elements [39m[32m200[39m [90m98 ms - 139[39m
[35m[HTTP][39m [90m[39m
[35m[HTTP][39m [37m-->[39m [37mGET[39m [37m/wd/hub/session/53738252-8eb7-42f6-895d-3d360dd39988/window/rect[39m
[35m[HTTP][39m [90m{}[39m
[35m[HTTP][39m [37m<-- GET /wd/hub/session/53738252-8eb7-42f6-895d-3d360dd39988/window/rect [39m[32m200[39m [90m15 ms - 50[39m
[35m[HTTP][39m [90m[39m
[35m[HTTP][39m [37m-->[39m [37mPOST[39m [37m/wd/hub/session/53738252-8eb7-42f6-895d-3d360dd39988/elements[39m
[35m[HTTP][39m [90m{"using":"xpath","value":"//*[@class = 'android.widget.TextView' and (@text = 'U17 USB Portable M3 HUmidifier Air Purifier LED Night Light 200ML' or . = 'U17 USB Portable M3 HUmidifier Air Purifier LED Night Light 200ML') and @resource-id = 'com.solodroid.solomerce:id/product_name']"}[39m
[35m[HTTP][39m [37m<-- POST /wd/hub/session/53738252-8eb7-42f6-895d-3d360dd39988/elements [39m[32m200[39m [90m164 ms - 139[39m
[35m[HTTP][39m [90m[39m
[35m[HTTP][39m [37m-->[39m [37mGET[39m [37m/wd/hub/session/53738252-8eb7-42f6-895d-3d360dd39988/element/00000000-0000-0955-ffff-ffff000000dc/location[39m
[35m[HTTP][39m [90m{}[39m
[35m[W3C (53738252)][39m Driver proxy active, passing request on via HTTP proxy
[35m[WD Proxy][39m Replacing sessionId 1bac5d54-8aa4-4ed3-823b-d056c33956a7 with 53738252-8eb7-42f6-895d-3d360dd39988
[35m[HTTP][39m [37m<-- GET /wd/hub/session/53738252-8eb7-42f6-895d-3d360dd39988/element/00000000-0000-0955-ffff-ffff000000dc/location [39m[32m200[39m [90m25 ms - 78[39m
[35m[HTTP][39m [90m[39m
[35m[HTTP][39m [37m-->[39m [37mPOST[39m [37m/wd/hub/session/53738252-8eb7-42f6-895d-3d360dd39988/element/00000000-0000-0955-ffff-ffff000000dc/click[39m
[35m[HTTP][39m [90m{"id":"00000000-0000-0955-ffff-ffff000000dc"}[39m
[35m[HTTP][39m [37m<-- POST /wd/hub/session/53738252-8eb7-42f6-895d-3d360dd39988/element/00000000-0000-0955-ffff-ffff000000dc/click [39m[32m200[39m [90m78 ms - 14[39m
[35m[HTTP][39m [90m[39m
[35m[HTTP][39m [37m-->[39m [37mGET[39m [37m/wd/hub/session/53738252-8eb7-42f6-895d-3d360dd39988/source[39m
[35m[HTTP][39m [90m{}[39m
[35m[W3C (53738252)][39m Driver proxy active, passing request on via HTTP proxy
[35m[WD Proxy][39m Replacing sessionId 1bac5d54-8aa4-4ed3-823b-d056c33956a7 with 53738252-8eb7-42f6-895d-3d360dd39988
[35m[HTTP][39m [37m<-- GET /wd/hub/session/53738252-8eb7-42f6-895d-3d360dd39988/source [39m[32m200[39m [90m834 ms - 17756[39m
[35m[HTTP][39m [90m[39m
[35m[HTTP][39m [37m-->[39m [37mGET[39m [37m/wd/hub/session/53738252-8eb7-42f6-895d-3d360dd39988/screenshot[39m
[35m[HTTP][39m [90m{}[39m
[35m[HTTP][39m [37m<-- GET /wd/hub/session/53738252-8eb7-42f6-895d-3d360dd39988/screenshot [39m[32m200[39m [90m714 ms - 933132[39m
[35m[HTTP][39m [90m[39m
[35m[HTTP][39m [37m-->[39m [37mPOST[39m [37m/wd/hub/session/53738252-8eb7-42f6-895d-3d360dd39988/elements[39m
[35m[HTTP][39m [90m{"using":"xpath","value":"//*[@class = 'android.widget.Button' and (@text = 'ADD TO CART' or . = 'ADD TO CART') and @resource-id = 'com.solodroid.solomerce:id/btn_add_cart']"}[39m
[35m[HTTP][39m [37m<-- POST /wd/hub/session/53738252-8eb7-42f6-895d-3d360dd39988/elements [39m[32m200[39m [90m120 ms - 139[39m
[35m[HTTP][39m [90m[39m
[35m[HTTP][39m [37m-->[39m [37mGET[39m [37m/wd/hub/session/53738252-8eb7-42f6-895d-3d360dd39988/window/rect[39m
[35m[HTTP][39m [90m{}[39m
[35m[HTTP][39m [37m<-- GET /wd/hub/session/53738252-8eb7-42f6-895d-3d360dd39988/window/rect [39m[32m200[39m [90m22 ms - 50[39m
[35m[HTTP][39m [90m[39m
[35m[HTTP][39m [37m-->[39m [37mPOST[39m [37m/wd/hub/session/53738252-8eb7-42f6-895d-3d360dd39988/elements[39m
[35m[HTTP][39m [90m{"using":"xpath","value":"//*[@class = 'android.widget.Button' and (@text = 'ADD TO CART' or . = 'ADD TO CART') and @resource-id = 'com.solodroid.solomerce:id/btn_add_cart']"}[39m
[35m[HTTP][39m [37m<-- POST /wd/hub/session/53738252-8eb7-42f6-895d-3d360dd39988/elements [39m[32m200[39m [90m118 ms - 139[39m
[35m[HTTP][39m [90m[39m
[35m[HTTP][39m [37m-->[39m [37mGET[39m [37m/wd/hub/session/53738252-8eb7-42f6-895d-3d360dd39988/element/00000000-0000-0956-ffff-ffff00000110/location[39m
[35m[HTTP][39m [90m{}[39m
[35m[W3C (53738252)][39m Driver proxy active, passing request on via HTTP proxy
[35m[WD Proxy][39m Replacing sessionId 1bac5d54-8aa4-4ed3-823b-d056c33956a7 with 53738252-8eb7-42f6-895d-3d360dd39988
[35m[HTTP][39m [37m<-- GET /wd/hub/session/53738252-8eb7-42f6-895d-3d360dd39988/element/00000000-0000-0956-ffff-ffff00000110/location [39m[32m200[39m [90m32 ms - 77[39m
[35m[HTTP][39m [90m[39m
[35m[HTTP][39m [37m-->[39m [37mPOST[39m [37m/wd/hub/session/53738252-8eb7-42f6-895d-3d360dd39988/element/00000000-0000-0956-ffff-ffff00000110/click[39m
[35m[HTTP][39m [90m{"id":"00000000-0000-0956-ffff-ffff00000110"}[39m
[35m[HTTP][39m [37m<-- POST /wd/hub/session/53738252-8eb7-42f6-895d-3d360dd39988/element/00000000-0000-0956-ffff-ffff00000110/click [39m[32m200[39m [90m85 ms - 14[39m
[35m[HTTP][39m [90m[39m
[35m[HTTP][39m [37m-->[39m [37mGET[39m [37m/wd/hub/session/53738252-8eb7-42f6-895d-3d360dd39988/source[39m
[35m[HTTP][39m [90m{}[39m
[35m[W3C (53738252)][39m Driver proxy active, passing request on via HTTP proxy
[35m[WD Proxy][39m Replacing sessionId 1bac5d54-8aa4-4ed3-823b-d056c33956a7 with 53738252-8eb7-42f6-895d-3d360dd39988
[35m[HTTP][39m [37m<-- GET /wd/hub/session/53738252-8eb7-42f6-895d-3d360dd39988/source [39m[32m200[39m [90m524 ms - 6060[39m
[35m[HTTP][39m [90m[39m
[35m[HTTP][39m [37m-->[39m [37mGET[39m [37m/wd/hub/session/53738252-8eb7-42f6-895d-3d360dd39988/screenshot[39m
[35m[HTTP][39m [90m{}[39m
[35m[HTTP][39m [37m<-- GET /wd/hub/session/53738252-8eb7-42f6-895d-3d360dd39988/screenshot [39m[32m200[39m [90m613 ms - 667504[39m
[35m[HTTP][39m [90m[39m
[35m[HTTP][39m [37m-->[39m [37mPOST[39m [37m/wd/hub/session/53738252-8eb7-42f6-895d-3d360dd39988/elements[39m
[35m[HTTP][39m [90m{"using":"xpath","value":"//*[@class = 'android.widget.TextView' and (@text = 'Number of order :' or . = 'Number of order :') and @resource-id = 'com.solodroid.solomerce:id/dialogTitle']"}[39m
[35m[HTTP][39m [37m<-- POST /wd/hub/session/53738252-8eb7-42f6-895d-3d360dd39988/elements [39m[32m200[39m [90m87 ms - 139[39m
[35m[HTTP][39m [90m[39m
[35m[HTTP][39m [37m-->[39m [37mGET[39m [37m/wd/hub/session/53738252-8eb7-42f6-895d-3d360dd39988/window/rect[39m
[35m[HTTP][39m [90m{}[39m
[35m[HTTP][39m [37m<-- GET /wd/hub/session/53738252-8eb7-42f6-895d-3d360dd39988/window/rect [39m[32m200[39m [90m18 ms - 50[39m
[35m[HTTP][39m [90m[39m
[35m[HTTP][39m [37m-->[39m [37mPOST[39m [37m/wd/hub/session/53738252-8eb7-42f6-895d-3d360dd39988/elements[39m
[35m[HTTP][39m [90m{"using":"xpath","value":"//*[@class = 'android.widget.TextView' and (@text = 'Number of order :' or . = 'Number of order :') and @resource-id = 'com.solodroid.solomerce:id/dialogTitle']"}[39m
[35m[HTTP][39m [37m<-- POST /wd/hub/session/53738252-8eb7-42f6-895d-3d360dd39988/elements [39m[32m200[39m [90m66 ms - 139[39m
[35m[HTTP][39m [90m[39m
[35m[HTTP][39m [37m-->[39m [37mGET[39m [37m/wd/hub/session/53738252-8eb7-42f6-895d-3d360dd39988/element/00000000-0000-0957-ffff-ffff00000128/location[39m
[35m[HTTP][39m [90m{}[39m
[35m[W3C (53738252)][39m Driver proxy active, passing request on via HTTP proxy
[35m[WD Proxy][39m Replacing sessionId 1bac5d54-8aa4-4ed3-823b-d056c33956a7 with 53738252-8eb7-42f6-895d-3d360dd39988
[35m[HTTP][39m [37m<-- GET /wd/hub/session/53738252-8eb7-42f6-895d-3d360dd39988/element/00000000-0000-0957-ffff-ffff00000128/location [39m[32m200[39m [90m32 ms - 78[39m
[35m[HTTP][39m [90m[39m
[35m[HTTP][39m [37m-->[39m [37mPOST[39m [37m/wd/hub/session/53738252-8eb7-42f6-895d-3d360dd39988/element/00000000-0000-0957-ffff-ffff00000128/click[39m
[35m[HTTP][39m [90m{"id":"00000000-0000-0957-ffff-ffff00000128"}[39m
[35m[HTTP][39m [37m<-- POST /wd/hub/session/53738252-8eb7-42f6-895d-3d360dd39988/element/00000000-0000-0957-ffff-ffff00000128/click [39m[32m200[39m [90m80 ms - 14[39m
[35m[HTTP][39m [90m[39m
[35m[HTTP][39m [37m-->[39m [37mGET[39m [37m/wd/hub/session/53738252-8eb7-42f6-895d-3d360dd39988/source[39m
[35m[HTTP][39m [90m{}[39m
[35m[W3C (53738252)][39m Driver proxy active, passing request on via HTTP proxy
[35m[WD Proxy][39m Replacing sessionId 1bac5d54-8aa4-4ed3-823b-d056c33956a7 with 53738252-8eb7-42f6-895d-3d360dd39988
[35m[HTTP][39m [37m<-- GET /wd/hub/session/53738252-8eb7-42f6-895d-3d360dd39988/source [39m[32m200[39m [90m41 ms - 6060[39m
[35m[HTTP][39m [90m[39m
[35m[HTTP][39m [37m-->[39m [37mGET[39m [37m/wd/hub/session/53738252-8eb7-42f6-895d-3d360dd39988/screenshot[39m
[35m[HTTP][39m [90m{}[39m
[35m[HTTP][39m [37m<-- GET /wd/hub/session/53738252-8eb7-42f6-895d-3d360dd39988/screenshot [39m[32m200[39m [90m544 ms - 667570[39m
[35m[HTTP][39m [90m[39m
[35m[HTTP][39m [37m-->[39m [37mPOST[39m [37m/wd/hub/session/53738252-8eb7-42f6-895d-3d360dd39988/elements[39m
[35m[HTTP][39m [90m{"using":"xpath","value":"//*[@class = 'android.widget.Button' and (@text = 'CANCEL' or . = 'CANCEL') and @resource-id = 'android:id/button2']"}[39m
[35m[HTTP][39m [37m<-- POST /wd/hub/session/53738252-8eb7-42f6-895d-3d360dd39988/elements [39m[32m200[39m [90m90 ms - 139[39m
[35m[HTTP][39m [90m[39m
[35m[HTTP][39m [37m-->[39m [37mGET[39m [37m/wd/hub/session/53738252-8eb7-42f6-895d-3d360dd39988/window/rect[39m
[35m[HTTP][39m [90m{}[39m
[35m[HTTP][39m [37m<-- GET /wd/hub/session/53738252-8eb7-42f6-895d-3d360dd39988/window/rect [39m[32m200[39m [90m13 ms - 50[39m
[35m[HTTP][39m [90m[39m
[35m[HTTP][39m [37m-->[39m [37mPOST[39m [37m/wd/hub/session/53738252-8eb7-42f6-895d-3d360dd39988/elements[39m
[35m[HTTP][39m [90m{"using":"xpath","value":"//*[@class = 'android.widget.Button' and (@text = 'CANCEL' or . = 'CANCEL') and @resource-id = 'android:id/button2']"}[39m
[35m[HTTP][39m [37m<-- POST /wd/hub/session/53738252-8eb7-42f6-895d-3d360dd39988/elements [39m[32m200[39m [90m47 ms - 139[39m
[35m[HTTP][39m [90m[39m
[35m[HTTP][39m [37m-->[39m [37mGET[39m [37m/wd/hub/session/53738252-8eb7-42f6-895d-3d360dd39988/element/00000000-0000-0957-ffff-ffff0000012e/location[39m
[35m[HTTP][39m [90m{}[39m
[35m[W3C (53738252)][39m Driver proxy active, passing request on via HTTP proxy
[35m[WD Proxy][39m Replacing sessionId 1bac5d54-8aa4-4ed3-823b-d056c33956a7 with 53738252-8eb7-42f6-895d-3d360dd39988
[35m[HTTP][39m [37m<-- GET /wd/hub/session/53738252-8eb7-42f6-895d-3d360dd39988/element/00000000-0000-0957-ffff-ffff0000012e/location [39m[32m200[39m [90m15 ms - 79[39m
[35m[HTTP][39m [90m[39m
[35m[HTTP][39m [37m-->[39m [37mPOST[39m [37m/wd/hub/session/53738252-8eb7-42f6-895d-3d360dd39988/element/00000000-0000-0957-ffff-ffff0000012e/click[39m
[35m[HTTP][39m [90m{"id":"00000000-0000-0957-ffff-ffff0000012e"}[39m
[35m[HTTP][39m [37m<-- POST /wd/hub/session/53738252-8eb7-42f6-895d-3d360dd39988/element/00000000-0000-0957-ffff-ffff0000012e/click [39m[32m200[39m [90m55 ms - 14[39m
[35m[HTTP][39m [90m[39m
[35m[HTTP][39m [37m-->[39m [37mGET[39m [37m/wd/hub/session/53738252-8eb7-42f6-895d-3d360dd39988/source[39m
[35m[HTTP][39m [90m{}[39m
[35m[W3C (53738252)][39m Driver proxy active, passing request on via HTTP proxy
[35m[WD Proxy][39m Replacing sessionId 1bac5d54-8aa4-4ed3-823b-d056c33956a7 with 53738252-8eb7-42f6-895d-3d360dd39988
[35m[HTTP][39m [37m<-- GET /wd/hub/session/53738252-8eb7-42f6-895d-3d360dd39988/source [39m[32m200[39m [90m72 ms - 17756[39m
[35m[HTTP][39m [90m[39m
[35m[HTTP][39m [37m-->[39m [37mGET[39m [37m/wd/hub/session/53738252-8eb7-42f6-895d-3d360dd39988/screenshot[39m
[35m[HTTP][39m [90m{}[39m
[35m[HTTP][39m [37m<-- GET /wd/hub/session/53738252-8eb7-42f6-895d-3d360dd39988/screenshot [39m[32m200[39m [90m682 ms - 931916[39m
[35m[HTTP][39m [90m[39m
[35m[HTTP][39m [37m-->[39m [37mDELETE[39m [37m/wd/hub/session/53738252-8eb7-42f6-895d-3d360dd39988[39m
[35m[HTTP][39m [90m{}[39m
[35m[Appium][39m Removing session 53738252-8eb7-42f6-895d-3d360dd39988 from our master session list
[35m[UiAutomator2][39m Restoring hidden api policy to the device default configuration
[35m[HTTP][39m [37m<-- DELETE /wd/hub/session/53738252-8eb7-42f6-895d-3d360dd39988 [39m[32m200[39m [90m674 ms - 14[39m
[35m[HTTP][39m [90m[39m
